# JRE version: OpenJDK Runtime Environment (17.0.6) (build 17.0.6+0-b2043.56-10027231)
# Java VM: OpenJDK 64-Bit Server VM (17.0.6+0-b2043.56-10027231, mixed mode, tiered, compressed oops, compressed class ptrs, g1 gc, windows-amd64)
GC Precious Log:
 CPUs: 8 total, 8 available
 Memory: 16194M
 Large Page Support: Disabled
 NUMA Support: Disabled
 Compressed Oops: Enabled (32-bit)
 Heap Region Size: 1M
 Heap Min Capacity: 8M
 Heap Initial Capacity: 254M
 Heap Max Capacity: 2G
 Pre-touch: Disabled
 Parallel Workers: 8
 Concurrent Workers: 2
 Concurrent Refinement Workers: 8
 Periodic GC: Disabled
Heap:
 garbage-first heap   total 269312K, used 165653K [0x0000000080000000, 0x0000000100000000)
  region size 1024K, 9 young (9216K), 9 survivors (9216K)
 Metaspace       used 100891K, committed 101504K, reserved 1138688K
  class space    used 13799K, committed 14080K, reserved 1048576K
GC Heap History (20 events):
Event: 14.968 GC heap after
{Heap after GC invocations=30 (full 0):
 garbage-first heap   total 132096K, used 77109K [0x0000000080000000, 0x0000000100000000)
  region size 1024K, 5 young (5120K), 5 survivors (5120K)
 Metaspace       used 84373K, committed 84928K, reserved 1130496K
  class space    used 11369K, committed 11648K, reserved 1048576K
}
Event: 15.251 GC heap before
{Heap before GC invocations=31 (full 0):
 garbage-first heap   total 150528K, used 107829K [0x0000000080000000, 0x0000000100000000)
  region size 1024K, 35 young (35840K), 5 survivors (5120K)
 Metaspace       used 84440K, committed 84992K, reserved 1130496K
  class space    used 11375K, committed 11648K, reserved 1048576K
}
Event: 15.260 GC heap after
{Heap after GC invocations=32 (full 0):
 garbage-first heap   total 150528K, used 82505K [0x0000000080000000, 0x0000000100000000)
  region size 1024K, 5 young (5120K), 5 survivors (5120K)
 Metaspace       used 84440K, committed 84992K, reserved 1130496K
  class space    used 11375K, committed 11648K, reserved 1048576K
}
Event: 15.293 GC heap before
{Heap before GC invocations=32 (full 0):
 garbage-first heap   total 150528K, used 84553K [0x0000000080000000, 0x0000000100000000)
  region size 1024K, 7 young (7168K), 5 survivors (5120K)
 Metaspace       used 84540K, committed 85056K, reserved 1130496K
  class space    used 11398K, committed 11648K, reserved 1048576K
}
Event: 15.299 GC heap after
{Heap after GC invocations=33 (full 0):
 garbage-first heap   total 150528K, used 83545K [0x0000000080000000, 0x0000000100000000)
  region size 1024K, 1 young (1024K), 1 survivors (1024K)
 Metaspace       used 84540K, committed 85056K, reserved 1130496K
  class space    used 11398K, committed 11648K, reserved 1048576K
}
Event: 15.819 GC heap before
{Heap before GC invocations=33 (full 0):
 garbage-first heap   total 150528K, used 120409K [0x0000000080000000, 0x0000000100000000)
  region size 1024K, 38 young (38912K), 1 survivors (1024K)
 Metaspace       used 86864K, committed 87360K, reserved 1130496K
  class space    used 11862K, committed 12096K, reserved 1048576K
}
Event: 15.827 GC heap after
{Heap after GC invocations=34 (full 0):
 garbage-first heap   total 269312K, used 86622K [0x0000000080000000, 0x0000000100000000)
  region size 1024K, 4 young (4096K), 4 survivors (4096K)
 Metaspace       used 86864K, committed 87360K, reserved 1130496K
  class space    used 11862K, committed 12096K, reserved 1048576K
}
Event: 17.562 GC heap before
{Heap before GC invocations=35 (full 0):
 garbage-first heap   total 269312K, used 209502K [0x0000000080000000, 0x0000000100000000)
  region size 1024K, 125 young (128000K), 4 survivors (4096K)
 Metaspace       used 92661K, committed 93248K, reserved 1130496K
  class space    used 12579K, committed 12864K, reserved 1048576K
}
Event: 17.579 GC heap after
{Heap after GC invocations=36 (full 0):
 garbage-first heap   total 269312K, used 94874K [0x0000000080000000, 0x0000000100000000)
  region size 1024K, 12 young (12288K), 12 survivors (12288K)
 Metaspace       used 92661K, committed 93248K, reserved 1130496K
  class space    used 12579K, committed 12864K, reserved 1048576K
}
Event: 17.585 GC heap before
{Heap before GC invocations=36 (full 0):
 garbage-first heap   total 269312K, used 94874K [0x0000000080000000, 0x0000000100000000)
  region size 1024K, 13 young (13312K), 12 survivors (12288K)
 Metaspace       used 92667K, committed 93248K, reserved 1130496K
  class space    used 12579K, committed 12864K, reserved 1048576K
}
Event: 17.598 GC heap after
{Heap after GC invocations=37 (full 0):
 garbage-first heap   total 269312K, used 95468K [0x0000000080000000, 0x0000000100000000)
  region size 1024K, 2 young (2048K), 2 survivors (2048K)
 Metaspace       used 92667K, committed 93248K, reserved 1130496K
  class space    used 12579K, committed 12864K, reserved 1048576K
}
Event: 18.458 GC heap before
{Heap before GC invocations=37 (full 0):
 garbage-first heap   total 269312K, used 208108K [0x0000000080000000, 0x0000000100000000)
  region size 1024K, 113 young (115712K), 2 survivors (2048K)
 Metaspace       used 95736K, committed 96320K, reserved 1138688K
  class space    used 13011K, committed 13312K, reserved 1048576K
}
Event: 18.467 GC heap after
{Heap after GC invocations=38 (full 0):
 garbage-first heap   total 269312K, used 117988K [0x0000000080000000, 0x0000000100000000)
  region size 1024K, 15 young (15360K), 15 survivors (15360K)
 Metaspace       used 95736K, committed 96320K, reserved 1138688K
  class space    used 13011K, committed 13312K, reserved 1048576K
}
Event: 18.983 GC heap before
{Heap before GC invocations=38 (full 0):
 garbage-first heap   total 269312K, used 201956K [0x0000000080000000, 0x0000000100000000)
  region size 1024K, 98 young (100352K), 15 survivors (15360K)
 Metaspace       used 98326K, committed 98944K, reserved 1138688K
  class space    used 13392K, committed 13696K, reserved 1048576K
}
Event: 19.002 GC heap after
{Heap after GC invocations=39 (full 0):
 garbage-first heap   total 269312K, used 133906K [0x0000000080000000, 0x0000000100000000)
  region size 1024K, 13 young (13312K), 13 survivors (13312K)
 Metaspace       used 98326K, committed 98944K, reserved 1138688K
  class space    used 13392K, committed 13696K, reserved 1048576K
}
Event: 19.273 GC heap before
{Heap before GC invocations=39 (full 0):
 garbage-first heap   total 269312K, used 202514K [0x0000000080000000, 0x0000000100000000)
  region size 1024K, 81 young (82944K), 13 survivors (13312K)
 Metaspace       used 99762K, committed 100416K, reserved 1138688K
  class space    used 13580K, committed 13888K, reserved 1048576K
}
Event: 19.292 GC heap after
{Heap after GC invocations=40 (full 0):
 garbage-first heap   total 269312K, used 144745K [0x0000000080000000, 0x0000000100000000)
  region size 1024K, 11 young (11264K), 11 survivors (11264K)
 Metaspace       used 99762K, committed 100416K, reserved 1138688K
  class space    used 13580K, committed 13888K, reserved 1048576K
}
Event: 19.456 GC heap before
{Heap before GC invocations=40 (full 0):
 garbage-first heap   total 269312K, used 208233K [0x0000000080000000, 0x0000000100000000)
  region size 1024K, 73 young (74752K), 11 survivors (11264K)
 Metaspace       used 100104K, committed 100736K, reserved 1138688K
  class space    used 13645K, committed 13952K, reserved 1048576K
}
Event: 19.476 GC heap after
{Heap after GC invocations=41 (full 0):
 garbage-first heap   total 269312K, used 155508K [0x0000000080000000, 0x0000000100000000)
  region size 1024K, 10 young (10240K), 10 survivors (10240K)
 Metaspace       used 100104K, committed 100736K, reserved 1138688K
  class space    used 13645K, committed 13952K, reserved 1048576K
}
Event: 19.655 GC heap before
{Heap before GC invocations=41 (full 0):
 garbage-first heap   total 269312K, used 212852K [0x0000000080000000, 0x0000000100000000)
  region size 1024K, 66 young (67584K), 10 survivors (10240K)
 Metaspace       used 100891K, committed 101504K, reserved 1138688K
  class space    used 13799K, committed 14080K, reserved 1048576K
}

