# JRE version: OpenJDK Runtime Environment (17.0.6) (build 17.0.6+0-b2043.56-10027231)
# Java VM: OpenJDK 64-Bit Server VM (17.0.6+0-b2043.56-10027231, mixed mode, tiered, compressed oops, compressed class ptrs, g1 gc, windows-amd64)
GC Precious Log:
 CPUs: 8 total, 8 available
 Memory: 16194M
 Large Page Support: Disabled
 NUMA Support: Disabled
 Compressed Oops: Enabled (32-bit)
 Heap Region Size: 1M
 Heap Min Capacity: 8M
 Heap Initial Capacity: 254M
 Heap Max Capacity: 2G
 Pre-touch: Disabled
 Parallel Workers: 8
 Concurrent Workers: 2
 Concurrent Refinement Workers: 8
 Periodic GC: Disabled
Heap:
 garbage-first heap   total 281600K, used 183959K [0x0000000080000000, 0x0000000100000000)
  region size 1024K, 30 young (30720K), 4 survivors (4096K)
 Metaspace       used 122847K, committed 123584K, reserved 1163264K
  class space    used 17030K, committed 17408K, reserved 1048576K
GC Heap History (20 events):
Event: 37.947 GC heap before
{Heap before GC invocations=54 (full 0):
 garbage-first heap   total 201728K, used 170603K [0x0000000080000000, 0x0000000100000000)
  region size 1024K, 61 young (62464K), 7 survivors (7168K)
 Metaspace       used 99368K, committed 100032K, reserved 1138688K
  class space    used 13276K, committed 13568K, reserved 1048576K
}
Event: 37.960 GC heap after
{Heap after GC invocations=55 (full 0):
 garbage-first heap   total 201728K, used 116887K [0x0000000080000000, 0x0000000100000000)
  region size 1024K, 5 young (5120K), 5 survivors (5120K)
 Metaspace       used 99368K, committed 100032K, reserved 1138688K
  class space    used 13276K, committed 13568K, reserved 1048576K
}
Event: 38.438 GC heap before
{Heap before GC invocations=55 (full 0):
 garbage-first heap   total 201728K, used 173207K [0x0000000080000000, 0x0000000100000000)
  region size 1024K, 60 young (61440K), 5 survivors (5120K)
 Metaspace       used 99368K, committed 100032K, reserved 1138688K
  class space    used 13276K, committed 13568K, reserved 1048576K
}
Event: 38.448 GC heap after
{Heap after GC invocations=56 (full 0):
 garbage-first heap   total 281600K, used 116673K [0x0000000080000000, 0x0000000100000000)
  region size 1024K, 5 young (5120K), 5 survivors (5120K)
 Metaspace       used 99368K, committed 100032K, reserved 1138688K
  class space    used 13276K, committed 13568K, reserved 1048576K
}
Event: 40.062 GC heap before
{Heap before GC invocations=56 (full 0):
 garbage-first heap   total 281600K, used 242625K [0x0000000080000000, 0x0000000100000000)
  region size 1024K, 127 young (130048K), 5 survivors (5120K)
 Metaspace       used 103439K, committed 104064K, reserved 1146880K
  class space    used 13858K, committed 14144K, reserved 1048576K
}
Event: 40.087 GC heap after
{Heap after GC invocations=57 (full 0):
 garbage-first heap   total 281600K, used 127530K [0x0000000080000000, 0x0000000100000000)
  region size 1024K, 15 young (15360K), 15 survivors (15360K)
 Metaspace       used 103439K, committed 104064K, reserved 1146880K
  class space    used 13858K, committed 14144K, reserved 1048576K
}
Event: 42.010 GC heap before
{Heap before GC invocations=57 (full 0):
 garbage-first heap   total 281600K, used 228906K [0x0000000080000000, 0x0000000100000000)
  region size 1024K, 115 young (117760K), 15 survivors (15360K)
 Metaspace       used 108547K, committed 109248K, reserved 1146880K
  class space    used 14846K, committed 15168K, reserved 1048576K
}
Event: 42.049 GC heap after
{Heap after GC invocations=58 (full 0):
 garbage-first heap   total 281600K, used 141133K [0x0000000080000000, 0x0000000100000000)
  region size 1024K, 14 young (14336K), 14 survivors (14336K)
 Metaspace       used 108547K, committed 109248K, reserved 1146880K
  class space    used 14846K, committed 15168K, reserved 1048576K
}
Event: 43.444 GC heap before
{Heap before GC invocations=58 (full 0):
 garbage-first heap   total 281600K, used 229197K [0x0000000080000000, 0x0000000100000000)
  region size 1024K, 99 young (101376K), 14 survivors (14336K)
 Metaspace       used 113345K, committed 114048K, reserved 1155072K
  class space    used 15753K, committed 16064K, reserved 1048576K
}
Event: 43.455 GC heap after
{Heap after GC invocations=59 (full 0):
 garbage-first heap   total 281600K, used 138107K [0x0000000080000000, 0x0000000100000000)
  region size 1024K, 3 young (3072K), 3 survivors (3072K)
 Metaspace       used 113345K, committed 114048K, reserved 1155072K
  class space    used 15753K, committed 16064K, reserved 1048576K
}
Event: 46.070 GC heap before
{Heap before GC invocations=59 (full 0):
 garbage-first heap   total 281600K, used 232315K [0x0000000080000000, 0x0000000100000000)
  region size 1024K, 95 young (97280K), 3 survivors (3072K)
 Metaspace       used 116491K, committed 117184K, reserved 1155072K
  class space    used 16149K, committed 16448K, reserved 1048576K
}
Event: 46.086 GC heap after
{Heap after GC invocations=60 (full 0):
 garbage-first heap   total 281600K, used 145091K [0x0000000080000000, 0x0000000100000000)
  region size 1024K, 10 young (10240K), 10 survivors (10240K)
 Metaspace       used 116491K, committed 117184K, reserved 1155072K
  class space    used 16149K, committed 16448K, reserved 1048576K
}
Event: 47.716 GC heap before
{Heap before GC invocations=60 (full 0):
 garbage-first heap   total 281600K, used 218819K [0x0000000080000000, 0x0000000100000000)
  region size 1024K, 58 young (59392K), 10 survivors (10240K)
 Metaspace       used 121700K, committed 122368K, reserved 1155072K
  class space    used 16866K, committed 17152K, reserved 1048576K
}
Event: 47.729 GC heap after
{Heap after GC invocations=61 (full 0):
 garbage-first heap   total 281600K, used 165846K [0x0000000080000000, 0x0000000100000000)
  region size 1024K, 4 young (4096K), 4 survivors (4096K)
 Metaspace       used 121700K, committed 122368K, reserved 1155072K
  class space    used 16866K, committed 17152K, reserved 1048576K
}
Event: 47.776 GC heap before
{Heap before GC invocations=61 (full 0):
 garbage-first heap   total 281600K, used 176086K [0x0000000080000000, 0x0000000100000000)
  region size 1024K, 5 young (5120K), 4 survivors (4096K)
 Metaspace       used 121772K, committed 122560K, reserved 1155072K
  class space    used 16875K, committed 17216K, reserved 1048576K
}
Event: 47.783 GC heap after
{Heap after GC invocations=62 (full 0):
 garbage-first heap   total 281600K, used 173725K [0x0000000080000000, 0x0000000100000000)
  region size 1024K, 4 young (4096K), 4 survivors (4096K)
 Metaspace       used 121772K, committed 122560K, reserved 1155072K
  class space    used 16875K, committed 17216K, reserved 1048576K
}
Event: 49.061 GC heap before
{Heap before GC invocations=62 (full 0):
 garbage-first heap   total 281600K, used 190109K [0x0000000080000000, 0x0000000100000000)
  region size 1024K, 7 young (7168K), 4 survivors (4096K)
 Metaspace       used 121999K, committed 122752K, reserved 1155072K
  class space    used 16899K, committed 17280K, reserved 1048576K
}
Event: 49.068 GC heap after
{Heap after GC invocations=63 (full 0):
 garbage-first heap   total 281600K, used 142171K [0x0000000080000000, 0x0000000100000000)
  region size 1024K, 4 young (4096K), 4 survivors (4096K)
 Metaspace       used 121999K, committed 122752K, reserved 1155072K
  class space    used 16899K, committed 17280K, reserved 1048576K
}
Event: 49.082 GC heap before
{Heap before GC invocations=63 (full 0):
 garbage-first heap   total 281600K, used 144219K [0x0000000080000000, 0x0000000100000000)
  region size 1024K, 5 young (5120K), 4 survivors (4096K)
 Metaspace       used 121999K, committed 122752K, reserved 1155072K
  class space    used 16899K, committed 17280K, reserved 1048576K
}
Event: 49.088 GC heap after
{Heap after GC invocations=64 (full 0):
 garbage-first heap   total 281600K, used 144023K [0x0000000080000000, 0x0000000100000000)
  region size 1024K, 4 young (4096K), 4 survivors (4096K)
 Metaspace       used 121999K, committed 122752K, reserved 1155072K
  class space    used 16899K, committed 17280K, reserved 1048576K
}

