# JRE version: OpenJDK Runtime Environment (17.0.6) (build 17.0.6+0-b2043.56-10027231)
# Java VM: OpenJDK 64-Bit Server VM (17.0.6+0-b2043.56-10027231, mixed mode, tiered, compressed oops, compressed class ptrs, g1 gc, windows-amd64)
GC Precious Log:
 CPUs: 8 total, 8 available
 Memory: 16194M
 Large Page Support: Disabled
 NUMA Support: Disabled
 Compressed Oops: Enabled (32-bit)
 Heap Region Size: 1M
 Heap Min Capacity: 8M
 Heap Initial Capacity: 254M
 Heap Max Capacity: 2G
 Pre-touch: Disabled
 Parallel Workers: 8
 Concurrent Workers: 2
 Concurrent Refinement Workers: 8
 Periodic GC: Disabled
Heap:
 garbage-first heap   total 135168K, used 80101K [0x0000000080000000, 0x0000000100000000)
  region size 1024K, 15 young (15360K), 2 survivors (2048K)
 Metaspace       used 75654K, committed 76224K, reserved 1122304K
  class space    used 10113K, committed 10368K, reserved 1048576K
GC Heap History (20 events):
Event: 7.318 GC heap before
{Heap before GC invocations=13 (full 0):
 garbage-first heap   total 102400K, used 73072K [0x0000000080000000, 0x0000000100000000)
  region size 1024K, 44 young (45056K), 1 survivors (1024K)
 Metaspace       used 47492K, committed 47872K, reserved 1097728K
  class space    used 6239K, committed 6400K, reserved 1048576K
}
Event: 7.328 GC heap after
{Heap after GC invocations=14 (full 0):
 garbage-first heap   total 102400K, used 30612K [0x0000000080000000, 0x0000000100000000)
  region size 1024K, 4 young (4096K), 4 survivors (4096K)
 Metaspace       used 47492K, committed 47872K, reserved 1097728K
  class space    used 6239K, committed 6400K, reserved 1048576K
}
Event: 8.235 GC heap before
{Heap before GC invocations=14 (full 0):
 garbage-first heap   total 102400K, used 73620K [0x0000000080000000, 0x0000000100000000)
  region size 1024K, 47 young (48128K), 4 survivors (4096K)
 Metaspace       used 49795K, committed 50176K, reserved 1097728K
  class space    used 6537K, committed 6720K, reserved 1048576K
}
Event: 8.240 GC heap after
{Heap after GC invocations=15 (full 0):
 garbage-first heap   total 102400K, used 33545K [0x0000000080000000, 0x0000000100000000)
  region size 1024K, 6 young (6144K), 6 survivors (6144K)
 Metaspace       used 49795K, committed 50176K, reserved 1097728K
  class space    used 6537K, committed 6720K, reserved 1048576K
}
Event: 8.941 GC heap before
{Heap before GC invocations=15 (full 0):
 garbage-first heap   total 102400K, used 87817K [0x0000000080000000, 0x0000000100000000)
  region size 1024K, 49 young (50176K), 6 survivors (6144K)
 Metaspace       used 54230K, committed 54720K, reserved 1097728K
  class space    used 7108K, committed 7360K, reserved 1048576K
}
Event: 8.949 GC heap after
{Heap after GC invocations=16 (full 0):
 garbage-first heap   total 103424K, used 52796K [0x0000000080000000, 0x0000000100000000)
  region size 1024K, 7 young (7168K), 7 survivors (7168K)
 Metaspace       used 54230K, committed 54720K, reserved 1097728K
  class space    used 7108K, committed 7360K, reserved 1048576K
}
Event: 9.583 GC heap before
{Heap before GC invocations=16 (full 0):
 garbage-first heap   total 103424K, used 82492K [0x0000000080000000, 0x0000000100000000)
  region size 1024K, 36 young (36864K), 7 survivors (7168K)
 Metaspace       used 59806K, committed 60288K, reserved 1105920K
  class space    used 7828K, committed 8064K, reserved 1048576K
}
Event: 9.589 GC heap after
{Heap after GC invocations=17 (full 0):
 garbage-first heap   total 103424K, used 54518K [0x0000000080000000, 0x0000000100000000)
  region size 1024K, 2 young (2048K), 2 survivors (2048K)
 Metaspace       used 59806K, committed 60288K, reserved 1105920K
  class space    used 7828K, committed 8064K, reserved 1048576K
}
Event: 10.131 GC heap before
{Heap before GC invocations=17 (full 0):
 garbage-first heap   total 103424K, used 83190K [0x0000000080000000, 0x0000000100000000)
  region size 1024K, 31 young (31744K), 2 survivors (2048K)
 Metaspace       used 63820K, committed 64256K, reserved 1105920K
  class space    used 8328K, committed 8512K, reserved 1048576K
}
Event: 10.136 GC heap after
{Heap after GC invocations=18 (full 0):
 garbage-first heap   total 103424K, used 57822K [0x0000000080000000, 0x0000000100000000)
  region size 1024K, 4 young (4096K), 4 survivors (4096K)
 Metaspace       used 63820K, committed 64256K, reserved 1105920K
  class space    used 8328K, committed 8512K, reserved 1048576K
}
Event: 10.506 GC heap before
{Heap before GC invocations=19 (full 0):
 garbage-first heap   total 103424K, used 76254K [0x0000000080000000, 0x0000000100000000)
  region size 1024K, 24 young (24576K), 4 survivors (4096K)
 Metaspace       used 65459K, committed 65856K, reserved 1105920K
  class space    used 8522K, committed 8704K, reserved 1048576K
}
Event: 10.513 GC heap after
{Heap after GC invocations=20 (full 0):
 garbage-first heap   total 103424K, used 59723K [0x0000000080000000, 0x0000000100000000)
  region size 1024K, 2 young (2048K), 2 survivors (2048K)
 Metaspace       used 65459K, committed 65856K, reserved 1105920K
  class space    used 8522K, committed 8704K, reserved 1048576K
}
Event: 11.027 GC heap before
{Heap before GC invocations=21 (full 0):
 garbage-first heap   total 107520K, used 85323K [0x0000000080000000, 0x0000000100000000)
  region size 1024K, 26 young (26624K), 2 survivors (2048K)
 Metaspace       used 68280K, committed 68800K, reserved 1114112K
  class space    used 8917K, committed 9152K, reserved 1048576K
}
Event: 11.031 GC heap after
{Heap after GC invocations=22 (full 0):
 garbage-first heap   total 107520K, used 60419K [0x0000000080000000, 0x0000000100000000)
  region size 1024K, 3 young (3072K), 3 survivors (3072K)
 Metaspace       used 68280K, committed 68800K, reserved 1114112K
  class space    used 8917K, committed 9152K, reserved 1048576K
}
Event: 11.518 GC heap before
{Heap before GC invocations=22 (full 0):
 garbage-first heap   total 107520K, used 88067K [0x0000000080000000, 0x0000000100000000)
  region size 1024K, 30 young (30720K), 3 survivors (3072K)
 Metaspace       used 69129K, committed 69632K, reserved 1114112K
  class space    used 9019K, committed 9280K, reserved 1048576K
}
Event: 11.523 GC heap after
{Heap after GC invocations=23 (full 0):
 garbage-first heap   total 107520K, used 63338K [0x0000000080000000, 0x0000000100000000)
  region size 1024K, 4 young (4096K), 4 survivors (4096K)
 Metaspace       used 69129K, committed 69632K, reserved 1114112K
  class space    used 9019K, committed 9280K, reserved 1048576K
}
Event: 12.057 GC heap before
{Heap before GC invocations=24 (full 0):
 garbage-first heap   total 112640K, used 87914K [0x0000000080000000, 0x0000000100000000)
  region size 1024K, 29 young (29696K), 4 survivors (4096K)
 Metaspace       used 70806K, committed 71360K, reserved 1114112K
  class space    used 9266K, committed 9536K, reserved 1048576K
}
Event: 12.065 GC heap after
{Heap after GC invocations=25 (full 0):
 garbage-first heap   total 112640K, used 65871K [0x0000000080000000, 0x0000000100000000)
  region size 1024K, 3 young (3072K), 3 survivors (3072K)
 Metaspace       used 70806K, committed 71360K, reserved 1114112K
  class space    used 9266K, committed 9536K, reserved 1048576K
}
Event: 12.615 GC heap before
{Heap before GC invocations=25 (full 0):
 garbage-first heap   total 112640K, used 93519K [0x0000000080000000, 0x0000000100000000)
  region size 1024K, 30 young (30720K), 3 survivors (3072K)
 Metaspace       used 74385K, committed 74944K, reserved 1114112K
  class space    used 9927K, committed 10176K, reserved 1048576K
}
Event: 12.621 GC heap after
{Heap after GC invocations=26 (full 0):
 garbage-first heap   total 135168K, used 67813K [0x0000000080000000, 0x0000000100000000)
  region size 1024K, 2 young (2048K), 2 survivors (2048K)
 Metaspace       used 74385K, committed 74944K, reserved 1114112K
  class space    used 9927K, committed 10176K, reserved 1048576K
}

