# JRE version: OpenJDK Runtime Environment (17.0.6) (build 17.0.6+0-b2043.56-10027231)
# Java VM: OpenJDK 64-Bit Server VM (17.0.6+0-b2043.56-10027231, mixed mode, tiered, compressed oops, compressed class ptrs, g1 gc, windows-amd64)
GC Precious Log:
 CPUs: 8 total, 8 available
 Memory: 16194M
 Large Page Support: Disabled
 NUMA Support: Disabled
 Compressed Oops: Enabled (32-bit)
 Heap Region Size: 1M
 Heap Min Capacity: 8M
 Heap Initial Capacity: 254M
 Heap Max Capacity: 2G
 Pre-touch: Disabled
 Parallel Workers: 8
 Concurrent Workers: 2
 Concurrent Refinement Workers: 8
 Periodic GC: Disabled
Heap:
 garbage-first heap   total 263168K, used 171678K [0x0000000080000000, 0x0000000100000000)
  region size 1024K, 8 young (8192K), 8 survivors (8192K)
 Metaspace       used 101894K, committed 102528K, reserved 1138688K
  class space    used 13982K, committed 14272K, reserved 1048576K
GC Heap History (20 events):
Event: 8.491 GC heap after
{Heap after GC invocations=35 (full 0):
 garbage-first heap   total 126976K, used 72691K [0x0000000080000000, 0x0000000100000000)
  region size 1024K, 5 young (5120K), 5 survivors (5120K)
 Metaspace       used 79482K, committed 80000K, reserved 1122304K
  class space    used 10691K, committed 10944K, reserved 1048576K
}
Event: 8.892 GC heap before
{Heap before GC invocations=35 (full 0):
 garbage-first heap   total 126976K, used 104435K [0x0000000080000000, 0x0000000100000000)
  region size 1024K, 36 young (36864K), 5 survivors (5120K)
 Metaspace       used 83860K, committed 84416K, reserved 1130496K
  class space    used 11297K, committed 11584K, reserved 1048576K
}
Event: 8.898 GC heap after
{Heap after GC invocations=36 (full 0):
 garbage-first heap   total 126976K, used 75342K [0x0000000080000000, 0x0000000100000000)
  region size 1024K, 5 young (5120K), 5 survivors (5120K)
 Metaspace       used 83860K, committed 84416K, reserved 1130496K
  class space    used 11297K, committed 11584K, reserved 1048576K
}
Event: 9.148 GC heap before
{Heap before GC invocations=37 (full 0):
 garbage-first heap   total 130048K, used 105038K [0x0000000080000000, 0x0000000100000000)
  region size 1024K, 34 young (34816K), 5 survivors (5120K)
 Metaspace       used 84393K, committed 84928K, reserved 1130496K
  class space    used 11375K, committed 11648K, reserved 1048576K
}
Event: 9.155 GC heap after
{Heap after GC invocations=38 (full 0):
 garbage-first heap   total 130048K, used 79579K [0x0000000080000000, 0x0000000100000000)
  region size 1024K, 5 young (5120K), 5 survivors (5120K)
 Metaspace       used 84393K, committed 84928K, reserved 1130496K
  class space    used 11375K, committed 11648K, reserved 1048576K
}
Event: 9.159 GC heap before
{Heap before GC invocations=38 (full 0):
 garbage-first heap   total 130048K, used 80603K [0x0000000080000000, 0x0000000100000000)
  region size 1024K, 6 young (6144K), 5 survivors (5120K)
 Metaspace       used 84393K, committed 84928K, reserved 1130496K
  class space    used 11375K, committed 11648K, reserved 1048576K
}
Event: 9.165 GC heap after
{Heap after GC invocations=39 (full 0):
 garbage-first heap   total 263168K, used 80158K [0x0000000080000000, 0x0000000100000000)
  region size 1024K, 1 young (1024K), 1 survivors (1024K)
 Metaspace       used 84393K, committed 84928K, reserved 1130496K
  class space    used 11375K, committed 11648K, reserved 1048576K
}
Event: 10.129 GC heap before
{Heap before GC invocations=39 (full 0):
 garbage-first heap   total 263168K, used 199966K [0x0000000080000000, 0x0000000100000000)
  region size 1024K, 119 young (121856K), 1 survivors (1024K)
 Metaspace       used 88206K, committed 88768K, reserved 1130496K
  class space    used 11968K, committed 12224K, reserved 1048576K
}
Event: 10.144 GC heap after
{Heap after GC invocations=40 (full 0):
 garbage-first heap   total 263168K, used 90100K [0x0000000080000000, 0x0000000100000000)
  region size 1024K, 11 young (11264K), 11 survivors (11264K)
 Metaspace       used 88206K, committed 88768K, reserved 1130496K
  class space    used 11968K, committed 12224K, reserved 1048576K
}
Event: 11.476 GC heap before
{Heap before GC invocations=40 (full 0):
 garbage-first heap   total 263168K, used 197620K [0x0000000080000000, 0x0000000100000000)
  region size 1024K, 117 young (119808K), 11 survivors (11264K)
 Metaspace       used 93082K, committed 93696K, reserved 1130496K
  class space    used 12595K, committed 12864K, reserved 1048576K
}
Event: 11.488 GC heap after
{Heap after GC invocations=41 (full 0):
 garbage-first heap   total 263168K, used 97686K [0x0000000080000000, 0x0000000100000000)
  region size 1024K, 8 young (8192K), 8 survivors (8192K)
 Metaspace       used 93082K, committed 93696K, reserved 1130496K
  class space    used 12595K, committed 12864K, reserved 1048576K
}
Event: 12.043 GC heap before
{Heap before GC invocations=41 (full 0):
 garbage-first heap   total 263168K, used 204182K [0x0000000080000000, 0x0000000100000000)
  region size 1024K, 113 young (115712K), 8 survivors (8192K)
 Metaspace       used 97254K, committed 97856K, reserved 1138688K
  class space    used 13210K, committed 13504K, reserved 1048576K
}
Event: 12.054 GC heap after
{Heap after GC invocations=42 (full 0):
 garbage-first heap   total 263168K, used 126626K [0x0000000080000000, 0x0000000100000000)
  region size 1024K, 15 young (15360K), 15 survivors (15360K)
 Metaspace       used 97254K, committed 97856K, reserved 1138688K
  class space    used 13210K, committed 13504K, reserved 1048576K
}
Event: 12.316 GC heap before
{Heap before GC invocations=42 (full 0):
 garbage-first heap   total 263168K, used 202402K [0x0000000080000000, 0x0000000100000000)
  region size 1024K, 90 young (92160K), 15 survivors (15360K)
 Metaspace       used 99659K, committed 100288K, reserved 1138688K
  class space    used 13564K, committed 13888K, reserved 1048576K
}
Event: 12.333 GC heap after
{Heap after GC invocations=43 (full 0):
 garbage-first heap   total 263168K, used 144091K [0x0000000080000000, 0x0000000100000000)
  region size 1024K, 12 young (12288K), 12 survivors (12288K)
 Metaspace       used 99659K, committed 100288K, reserved 1138688K
  class space    used 13564K, committed 13888K, reserved 1048576K
}
Event: 12.506 GC heap before
{Heap before GC invocations=43 (full 0):
 garbage-first heap   total 263168K, used 206555K [0x0000000080000000, 0x0000000100000000)
  region size 1024K, 73 young (74752K), 12 survivors (12288K)
 Metaspace       used 99926K, committed 100544K, reserved 1138688K
  class space    used 13622K, committed 13888K, reserved 1048576K
}
Event: 12.521 GC heap after
{Heap after GC invocations=44 (full 0):
 garbage-first heap   total 263168K, used 152457K [0x0000000080000000, 0x0000000100000000)
  region size 1024K, 10 young (10240K), 10 survivors (10240K)
 Metaspace       used 99926K, committed 100544K, reserved 1138688K
  class space    used 13622K, committed 13888K, reserved 1048576K
}
Event: 12.666 GC heap before
{Heap before GC invocations=44 (full 0):
 garbage-first heap   total 263168K, used 208777K [0x0000000080000000, 0x0000000100000000)
  region size 1024K, 65 young (66560K), 10 survivors (10240K)
 Metaspace       used 100841K, committed 101440K, reserved 1138688K
  class space    used 13795K, committed 14080K, reserved 1048576K
}
Event: 12.688 GC heap after
{Heap after GC invocations=45 (full 0):
 garbage-first heap   total 263168K, used 162583K [0x0000000080000000, 0x0000000100000000)
  region size 1024K, 9 young (9216K), 9 survivors (9216K)
 Metaspace       used 100841K, committed 101440K, reserved 1138688K
  class space    used 13795K, committed 14080K, reserved 1048576K
}
Event: 12.835 GC heap before
{Heap before GC invocations=45 (full 0):
 garbage-first heap   total 263168K, used 212758K [0x0000000080000000, 0x0000000100000000)
  region size 1024K, 58 young (59392K), 9 survivors (9216K)
 Metaspace       used 101894K, committed 102528K, reserved 1138688K
  class space    used 13982K, committed 14272K, reserved 1048576K
}

