# JRE version: OpenJDK Runtime Environment (17.0.6) (build 17.0.6+0-b2043.56-10027231)
# Java VM: OpenJDK 64-Bit Server VM (17.0.6+0-b2043.56-10027231, mixed mode, tiered, compressed oops, compressed class ptrs, g1 gc, windows-amd64)
GC Precious Log:
 CPUs: 8 total, 8 available
 Memory: 16194M
 Large Page Support: Disabled
 NUMA Support: Disabled
 Compressed Oops: Enabled (32-bit)
 Heap Region Size: 1M
 Heap Min Capacity: 8M
 Heap Initial Capacity: 254M
 Heap Max Capacity: 2G
 Pre-touch: Disabled
 Parallel Workers: 8
 Concurrent Workers: 2
 Concurrent Refinement Workers: 8
 Periodic GC: Disabled
Heap:
 garbage-first heap   total 421888K, used 157696K [0x0000000080000000, 0x0000000100000000)
  region size 1024K, 3 young (3072K), 3 survivors (3072K)
 Metaspace       used 131019K, committed 132160K, reserved 1163264K
  class space    used 17478K, committed 17984K, reserved 1048576K
GC Heap History (20 events):
Event: 3010.741 GC heap after
{Heap after GC invocations=73 (full 0):
 garbage-first heap   total 276480K, used 220282K [0x0000000080000000, 0x0000000100000000)
  region size 1024K, 4 young (4096K), 4 survivors (4096K)
 Metaspace       used 129942K, committed 131008K, reserved 1163264K
  class space    used 17374K, committed 17856K, reserved 1048576K
}
Event: 3010.875 GC heap before
{Heap before GC invocations=73 (full 0):
 garbage-first heap   total 276480K, used 235642K [0x0000000080000000, 0x0000000100000000)
  region size 1024K, 19 young (19456K), 4 survivors (4096K)
 Metaspace       used 130040K, committed 131136K, reserved 1163264K
  class space    used 17388K, committed 17856K, reserved 1048576K
}
Event: 3010.882 GC heap after
{Heap after GC invocations=74 (full 0):
 garbage-first heap   total 276480K, used 221660K [0x0000000080000000, 0x0000000100000000)
  region size 1024K, 2 young (2048K), 2 survivors (2048K)
 Metaspace       used 130040K, committed 131136K, reserved 1163264K
  class space    used 17388K, committed 17856K, reserved 1048576K
}
Event: 3011.081 GC heap before
{Heap before GC invocations=74 (full 0):
 garbage-first heap   total 276480K, used 235996K [0x0000000080000000, 0x0000000100000000)
  region size 1024K, 17 young (17408K), 2 survivors (2048K)
 Metaspace       used 130273K, committed 131520K, reserved 1163264K
  class space    used 17438K, committed 17984K, reserved 1048576K
}
Event: 3011.086 GC heap after
{Heap after GC invocations=75 (full 0):
 garbage-first heap   total 331776K, used 222571K [0x0000000080000000, 0x0000000100000000)
  region size 1024K, 3 young (3072K), 3 survivors (3072K)
 Metaspace       used 130273K, committed 131520K, reserved 1163264K
  class space    used 17438K, committed 17984K, reserved 1048576K
}
Event: 3097.967 GC heap before
{Heap before GC invocations=75 (full 0):
 garbage-first heap   total 331776K, used 286059K [0x0000000080000000, 0x0000000100000000)
  region size 1024K, 52 young (53248K), 3 survivors (3072K)
 Metaspace       used 130384K, committed 131584K, reserved 1163264K
  class space    used 17441K, committed 17984K, reserved 1048576K
}
Event: 3097.976 GC heap after
{Heap after GC invocations=76 (full 0):
 garbage-first heap   total 331776K, used 233176K [0x0000000080000000, 0x0000000100000000)
  region size 1024K, 7 young (7168K), 7 survivors (7168K)
 Metaspace       used 130384K, committed 131584K, reserved 1163264K
  class space    used 17441K, committed 17984K, reserved 1048576K
}
Event: 3098.233 GC heap before
{Heap before GC invocations=76 (full 0):
 garbage-first heap   total 331776K, used 281304K [0x0000000080000000, 0x0000000100000000)
  region size 1024K, 47 young (48128K), 7 survivors (7168K)
 Metaspace       used 130409K, committed 131584K, reserved 1163264K
  class space    used 17441K, committed 17984K, reserved 1048576K
}
Event: 3098.251 GC heap after
{Heap after GC invocations=77 (full 0):
 garbage-first heap   total 331776K, used 250650K [0x0000000080000000, 0x0000000100000000)
  region size 1024K, 6 young (6144K), 6 survivors (6144K)
 Metaspace       used 130409K, committed 131584K, reserved 1163264K
  class space    used 17441K, committed 17984K, reserved 1048576K
}
Event: 3098.365 GC heap before
{Heap before GC invocations=77 (full 0):
 garbage-first heap   total 331776K, used 278298K [0x0000000080000000, 0x0000000100000000)
  region size 1024K, 34 young (34816K), 6 survivors (6144K)
 Metaspace       used 130434K, committed 131648K, reserved 1163264K
  class space    used 17441K, committed 17984K, reserved 1048576K
}
Event: 3098.376 GC heap after
{Heap after GC invocations=78 (full 0):
 garbage-first heap   total 331776K, used 256309K [0x0000000080000000, 0x0000000100000000)
  region size 1024K, 5 young (5120K), 5 survivors (5120K)
 Metaspace       used 130434K, committed 131648K, reserved 1163264K
  class space    used 17441K, committed 17984K, reserved 1048576K
}
Event: 3098.378 GC heap before
{Heap before GC invocations=78 (full 0):
 garbage-first heap   total 331776K, used 256309K [0x0000000080000000, 0x0000000100000000)
  region size 1024K, 6 young (6144K), 5 survivors (5120K)
 Metaspace       used 130434K, committed 131648K, reserved 1163264K
  class space    used 17441K, committed 17984K, reserved 1048576K
}
Event: 3098.386 GC heap after
{Heap after GC invocations=79 (full 0):
 garbage-first heap   total 331776K, used 257642K [0x0000000080000000, 0x0000000100000000)
  region size 1024K, 1 young (1024K), 1 survivors (1024K)
 Metaspace       used 130434K, committed 131648K, reserved 1163264K
  class space    used 17441K, committed 17984K, reserved 1048576K
}
Event: 3098.761 GC heap before
{Heap before GC invocations=79 (full 0):
 garbage-first heap   total 421888K, used 252522K [0x0000000080000000, 0x0000000100000000)
  region size 1024K, 20 young (20480K), 1 survivors (1024K)
 Metaspace       used 130390K, committed 131712K, reserved 1163264K
  class space    used 17420K, committed 17984K, reserved 1048576K
}
Event: 3098.768 GC heap after
{Heap after GC invocations=80 (full 0):
 garbage-first heap   total 421888K, used 222487K [0x0000000080000000, 0x0000000100000000)
  region size 1024K, 3 young (3072K), 3 survivors (3072K)
 Metaspace       used 130390K, committed 131712K, reserved 1163264K
  class space    used 17420K, committed 17984K, reserved 1048576K
}
Event: 3115.800 GC heap before
{Heap before GC invocations=81 (full 0):
 garbage-first heap   total 421888K, used 299287K [0x0000000080000000, 0x0000000100000000)
  region size 1024K, 79 young (80896K), 3 survivors (3072K)
 Metaspace       used 130894K, committed 132032K, reserved 1163264K
  class space    used 17478K, committed 17984K, reserved 1048576K
}
Event: 3115.811 GC heap after
{Heap after GC invocations=82 (full 0):
 garbage-first heap   total 421888K, used 227010K [0x0000000080000000, 0x0000000100000000)
  region size 1024K, 7 young (7168K), 7 survivors (7168K)
 Metaspace       used 130894K, committed 132032K, reserved 1163264K
  class space    used 17478K, committed 17984K, reserved 1048576K
}
Event: 3116.132 GC heap before
{Heap before GC invocations=82 (full 0):
 garbage-first heap   total 421888K, used 239298K [0x0000000080000000, 0x0000000100000000)
  region size 1024K, 20 young (20480K), 7 survivors (7168K)
 Metaspace       used 130974K, committed 132096K, reserved 1163264K
  class space    used 17478K, committed 17984K, reserved 1048576K
}
Event: 3116.144 GC heap after
{Heap after GC invocations=83 (full 0):
 garbage-first heap   total 421888K, used 185003K [0x0000000080000000, 0x0000000100000000)
  region size 1024K, 3 young (3072K), 3 survivors (3072K)
 Metaspace       used 130974K, committed 132096K, reserved 1163264K
  class space    used 17478K, committed 17984K, reserved 1048576K
}
Event: 3116.372 GC heap before
{Heap before GC invocations=83 (full 0):
 garbage-first heap   total 421888K, used 210603K [0x0000000080000000, 0x0000000100000000)
  region size 1024K, 20 young (20480K), 3 survivors (3072K)
 Metaspace       used 131019K, committed 132160K, reserved 1163264K
  class space    used 17478K, committed 17984K, reserved 1048576K
}

