# JRE version: OpenJDK Runtime Environment (17.0.6) (build 17.0.6+0-b2043.56-10027231)
# Java VM: OpenJDK 64-Bit Server VM (17.0.6+0-b2043.56-10027231, mixed mode, tiered, compressed oops, compressed class ptrs, g1 gc, windows-amd64)
GC Precious Log:
 CPUs: 8 total, 8 available
 Memory: 16194M
 Large Page Support: Disabled
 NUMA Support: Disabled
 Compressed Oops: Enabled (32-bit)
 Heap Region Size: 1M
 Heap Min Capacity: 8M
 Heap Initial Capacity: 254M
 Heap Max Capacity: 2G
 Pre-touch: Disabled
 Parallel Workers: 8
 Concurrent Workers: 2
 Concurrent Refinement Workers: 8
 Periodic GC: Disabled
Heap:
 garbage-first heap   total 280576K, used 143318K [0x0000000080000000, 0x0000000100000000)
  region size 1024K, 7 young (7168K), 7 survivors (7168K)
 Metaspace       used 98493K, committed 99072K, reserved 1138688K
  class space    used 13405K, committed 13632K, reserved 1048576K
GC Heap History (20 events):
Event: 9.558 GC heap after
{Heap after GC invocations=38 (full 0):
 garbage-first heap   total 142336K, used 82729K [0x0000000080000000, 0x0000000100000000)
  region size 1024K, 5 young (5120K), 5 survivors (5120K)
 Metaspace       used 84769K, committed 85376K, reserved 1130496K
  class space    used 11449K, committed 11712K, reserved 1048576K
}
Event: 9.924 GC heap before
{Heap before GC invocations=38 (full 0):
 garbage-first heap   total 142336K, used 114473K [0x0000000080000000, 0x0000000100000000)
  region size 1024K, 37 young (37888K), 5 survivors (5120K)
 Metaspace       used 86791K, committed 87296K, reserved 1130496K
  class space    used 11854K, committed 12096K, reserved 1048576K
}
Event: 9.933 GC heap after
{Heap after GC invocations=39 (full 0):
 garbage-first heap   total 142336K, used 87013K [0x0000000080000000, 0x0000000100000000)
  region size 1024K, 4 young (4096K), 4 survivors (4096K)
 Metaspace       used 86791K, committed 87296K, reserved 1130496K
  class space    used 11854K, committed 12096K, reserved 1048576K
}
Event: 10.211 GC heap before
{Heap before GC invocations=40 (full 0):
 garbage-first heap   total 155648K, used 115685K [0x0000000080000000, 0x0000000100000000)
  region size 1024K, 33 young (33792K), 4 survivors (4096K)
 Metaspace       used 86973K, committed 87552K, reserved 1130496K
  class space    used 11855K, committed 12096K, reserved 1048576K
}
Event: 10.218 GC heap after
{Heap after GC invocations=41 (full 0):
 garbage-first heap   total 155648K, used 89111K [0x0000000080000000, 0x0000000100000000)
  region size 1024K, 2 young (2048K), 2 survivors (2048K)
 Metaspace       used 86973K, committed 87552K, reserved 1130496K
  class space    used 11855K, committed 12096K, reserved 1048576K
}
Event: 10.280 GC heap before
{Heap before GC invocations=41 (full 0):
 garbage-first heap   total 155648K, used 93207K [0x0000000080000000, 0x0000000100000000)
  region size 1024K, 7 young (7168K), 2 survivors (2048K)
 Metaspace       used 87023K, committed 87552K, reserved 1130496K
  class space    used 11855K, committed 12096K, reserved 1048576K
}
Event: 10.285 GC heap after
{Heap after GC invocations=42 (full 0):
 garbage-first heap   total 199680K, used 89021K [0x0000000080000000, 0x0000000100000000)
  region size 1024K, 1 young (1024K), 1 survivors (1024K)
 Metaspace       used 87023K, committed 87552K, reserved 1130496K
  class space    used 11855K, committed 12096K, reserved 1048576K
}
Event: 11.553 GC heap before
{Heap before GC invocations=42 (full 0):
 garbage-first heap   total 199680K, used 158653K [0x0000000080000000, 0x0000000100000000)
  region size 1024K, 70 young (71680K), 1 survivors (1024K)
 Metaspace       used 90528K, committed 91072K, reserved 1130496K
  class space    used 12293K, committed 12544K, reserved 1048576K
}
Event: 11.562 GC heap after
{Heap after GC invocations=43 (full 0):
 garbage-first heap   total 199680K, used 93093K [0x0000000080000000, 0x0000000100000000)
  region size 1024K, 5 young (5120K), 5 survivors (5120K)
 Metaspace       used 90528K, committed 91072K, reserved 1130496K
  class space    used 12293K, committed 12544K, reserved 1048576K
}
Event: 12.849 GC heap before
{Heap before GC invocations=43 (full 0):
 garbage-first heap   total 199680K, used 158629K [0x0000000080000000, 0x0000000100000000)
  region size 1024K, 70 young (71680K), 5 survivors (5120K)
 Metaspace       used 93505K, committed 94144K, reserved 1130496K
  class space    used 12670K, committed 12928K, reserved 1048576K
}
Event: 12.861 GC heap after
{Heap after GC invocations=44 (full 0):
 garbage-first heap   total 199680K, used 99282K [0x0000000080000000, 0x0000000100000000)
  region size 1024K, 9 young (9216K), 9 survivors (9216K)
 Metaspace       used 93505K, committed 94144K, reserved 1130496K
  class space    used 12670K, committed 12928K, reserved 1048576K
}
Event: 13.132 GC heap before
{Heap before GC invocations=44 (full 0):
 garbage-first heap   total 199680K, used 159698K [0x0000000080000000, 0x0000000100000000)
  region size 1024K, 69 young (70656K), 9 survivors (9216K)
 Metaspace       used 95208K, committed 95808K, reserved 1138688K
  class space    used 12914K, committed 13184K, reserved 1048576K
}
Event: 13.143 GC heap after
{Heap after GC invocations=45 (full 0):
 garbage-first heap   total 199680K, used 117369K [0x0000000080000000, 0x0000000100000000)
  region size 1024K, 9 young (9216K), 9 survivors (9216K)
 Metaspace       used 95208K, committed 95808K, reserved 1138688K
  class space    used 12914K, committed 13184K, reserved 1048576K
}
Event: 13.412 GC heap before
{Heap before GC invocations=46 (full 0):
 garbage-first heap   total 229376K, used 157305K [0x0000000080000000, 0x0000000100000000)
  region size 1024K, 49 young (50176K), 9 survivors (9216K)
 Metaspace       used 96753K, committed 97344K, reserved 1138688K
  class space    used 13152K, committed 13376K, reserved 1048576K
}
Event: 13.420 GC heap after
{Heap after GC invocations=47 (full 0):
 garbage-first heap   total 229376K, used 123660K [0x0000000080000000, 0x0000000100000000)
  region size 1024K, 7 young (7168K), 7 survivors (7168K)
 Metaspace       used 96753K, committed 97344K, reserved 1138688K
  class space    used 13152K, committed 13376K, reserved 1048576K
}
Event: 13.442 GC heap before
{Heap before GC invocations=47 (full 0):
 garbage-first heap   total 229376K, used 126732K [0x0000000080000000, 0x0000000100000000)
  region size 1024K, 11 young (11264K), 7 survivors (7168K)
 Metaspace       used 96834K, committed 97472K, reserved 1138688K
  class space    used 13168K, committed 13440K, reserved 1048576K
}
Event: 13.448 GC heap after
{Heap after GC invocations=48 (full 0):
 garbage-first heap   total 229376K, used 120792K [0x0000000080000000, 0x0000000100000000)
  region size 1024K, 2 young (2048K), 2 survivors (2048K)
 Metaspace       used 96834K, committed 97472K, reserved 1138688K
  class space    used 13168K, committed 13440K, reserved 1048576K
}
Event: 13.683 GC heap before
{Heap before GC invocations=48 (full 0):
 garbage-first heap   total 229376K, used 175064K [0x0000000080000000, 0x0000000100000000)
  region size 1024K, 56 young (57344K), 2 survivors (2048K)
 Metaspace       used 97997K, committed 98560K, reserved 1138688K
  class space    used 13340K, committed 13568K, reserved 1048576K
}
Event: 13.695 GC heap after
{Heap after GC invocations=49 (full 0):
 garbage-first heap   total 229376K, used 134437K [0x0000000080000000, 0x0000000100000000)
  region size 1024K, 7 young (7168K), 7 survivors (7168K)
 Metaspace       used 97997K, committed 98560K, reserved 1138688K
  class space    used 13340K, committed 13568K, reserved 1048576K
}
Event: 13.952 GC heap before
{Heap before GC invocations=49 (full 0):
 garbage-first heap   total 280576K, used 178469K [0x0000000080000000, 0x0000000100000000)
  region size 1024K, 51 young (52224K), 7 survivors (7168K)
 Metaspace       used 98493K, committed 99072K, reserved 1138688K
  class space    used 13405K, committed 13632K, reserved 1048576K
}

