# JRE version: OpenJDK Runtime Environment (17.0.6) (build 17.0.6+0-b2043.56-10027231)
# Java VM: OpenJDK 64-Bit Server VM (17.0.6+0-b2043.56-10027231, mixed mode, tiered, compressed oops, compressed class ptrs, g1 gc, windows-amd64)
GC Precious Log:
 CPUs: 8 total, 8 available
 Memory: 16194M
 Large Page Support: Disabled
 NUMA Support: Disabled
 Compressed Oops: Enabled (32-bit)
 Heap Region Size: 1M
 Heap Min Capacity: 8M
 Heap Initial Capacity: 254M
 Heap Max Capacity: 2G
 Pre-touch: Disabled
 Parallel Workers: 8
 Concurrent Workers: 2
 Concurrent Refinement Workers: 8
 Periodic GC: Disabled
Heap:
 garbage-first heap   total 260096K, used 101293K [0x0000000080000000, 0x0000000100000000)
  region size 1024K, 1 young (1024K), 1 survivors (1024K)
 Metaspace       used 90459K, committed 91008K, reserved 1130496K
  class space    used 12151K, committed 12416K, reserved 1048576K
GC Heap History (20 events):
Event: 22.748 GC heap after
{Heap after GC invocations=43 (full 0):
 garbage-first heap   total 121856K, used 73711K [0x0000000080000000, 0x0000000100000000)
  region size 1024K, 5 young (5120K), 5 survivors (5120K)
 Metaspace       used 83181K, committed 83776K, reserved 1122304K
  class space    used 11174K, committed 11456K, reserved 1048576K
}
Event: 23.336 GC heap before
{Heap before GC invocations=44 (full 0):
 garbage-first heap   total 130048K, used 100335K [0x0000000080000000, 0x0000000100000000)
  region size 1024K, 31 young (31744K), 5 survivors (5120K)
 Metaspace       used 84428K, committed 85056K, reserved 1130496K
  class space    used 11350K, committed 11648K, reserved 1048576K
}
Event: 23.346 GC heap after
{Heap after GC invocations=45 (full 0):
 garbage-first heap   total 130048K, used 77256K [0x0000000080000000, 0x0000000100000000)
  region size 1024K, 4 young (4096K), 4 survivors (4096K)
 Metaspace       used 84428K, committed 85056K, reserved 1130496K
  class space    used 11350K, committed 11648K, reserved 1048576K
}
Event: 23.369 GC heap before
{Heap before GC invocations=45 (full 0):
 garbage-first heap   total 130048K, used 79304K [0x0000000080000000, 0x0000000100000000)
  region size 1024K, 6 young (6144K), 4 survivors (4096K)
 Metaspace       used 84428K, committed 85056K, reserved 1130496K
  class space    used 11350K, committed 11648K, reserved 1048576K
}
Event: 23.376 GC heap after
{Heap after GC invocations=46 (full 0):
 garbage-first heap   total 180224K, used 77728K [0x0000000080000000, 0x0000000100000000)
  region size 1024K, 1 young (1024K), 1 survivors (1024K)
 Metaspace       used 84428K, committed 85056K, reserved 1130496K
  class space    used 11350K, committed 11648K, reserved 1048576K
}
Event: 25.235 GC heap before
{Heap before GC invocations=46 (full 0):
 garbage-first heap   total 180224K, used 138144K [0x0000000080000000, 0x0000000100000000)
  region size 1024K, 60 young (61440K), 1 survivors (1024K)
 Metaspace       used 86712K, committed 87296K, reserved 1130496K
  class space    used 11784K, committed 12032K, reserved 1048576K
}
Event: 25.247 GC heap after
{Heap after GC invocations=47 (full 0):
 garbage-first heap   total 180224K, used 85736K [0x0000000080000000, 0x0000000100000000)
  region size 1024K, 8 young (8192K), 8 survivors (8192K)
 Metaspace       used 86712K, committed 87296K, reserved 1130496K
  class space    used 11784K, committed 12032K, reserved 1048576K
}
Event: 26.113 GC heap before
{Heap before GC invocations=47 (full 0):
 garbage-first heap   total 180224K, used 137960K [0x0000000080000000, 0x0000000100000000)
  region size 1024K, 60 young (61440K), 8 survivors (8192K)
 Metaspace       used 87172K, committed 87744K, reserved 1130496K
  class space    used 11836K, committed 12096K, reserved 1048576K
}
Event: 26.122 GC heap after
{Heap after GC invocations=48 (full 0):
 garbage-first heap   total 180224K, used 89707K [0x0000000080000000, 0x0000000100000000)
  region size 1024K, 4 young (4096K), 4 survivors (4096K)
 Metaspace       used 87172K, committed 87744K, reserved 1130496K
  class space    used 11836K, committed 12096K, reserved 1048576K
}
Event: 27.111 GC heap before
{Heap before GC invocations=48 (full 0):
 garbage-first heap   total 180224K, used 140907K [0x0000000080000000, 0x0000000100000000)
  region size 1024K, 55 young (56320K), 4 survivors (4096K)
 Metaspace       used 89130K, committed 89728K, reserved 1130496K
  class space    used 12015K, committed 12288K, reserved 1048576K
}
Event: 27.118 GC heap after
{Heap after GC invocations=49 (full 0):
 garbage-first heap   total 180224K, used 93062K [0x0000000080000000, 0x0000000100000000)
  region size 1024K, 7 young (7168K), 7 survivors (7168K)
 Metaspace       used 89130K, committed 89728K, reserved 1130496K
  class space    used 12015K, committed 12288K, reserved 1048576K
}
Event: 27.882 GC heap before
{Heap before GC invocations=50 (full 0):
 garbage-first heap   total 180224K, used 144262K [0x0000000080000000, 0x0000000100000000)
  region size 1024K, 58 young (59392K), 7 survivors (7168K)
 Metaspace       used 90139K, committed 90752K, reserved 1130496K
  class space    used 12124K, committed 12416K, reserved 1048576K
}
Event: 27.891 GC heap after
{Heap after GC invocations=51 (full 0):
 garbage-first heap   total 180224K, used 96602K [0x0000000080000000, 0x0000000100000000)
  region size 1024K, 8 young (8192K), 8 survivors (8192K)
 Metaspace       used 90139K, committed 90752K, reserved 1130496K
  class space    used 12124K, committed 12416K, reserved 1048576K
}
Event: 27.898 GC heap before
{Heap before GC invocations=51 (full 0):
 garbage-first heap   total 180224K, used 97626K [0x0000000080000000, 0x0000000100000000)
  region size 1024K, 9 young (9216K), 8 survivors (8192K)
 Metaspace       used 90141K, committed 90752K, reserved 1130496K
  class space    used 12124K, committed 12416K, reserved 1048576K
}
Event: 27.906 GC heap after
{Heap after GC invocations=52 (full 0):
 garbage-first heap   total 180224K, used 96346K [0x0000000080000000, 0x0000000100000000)
  region size 1024K, 1 young (1024K), 1 survivors (1024K)
 Metaspace       used 90141K, committed 90752K, reserved 1130496K
  class space    used 12124K, committed 12416K, reserved 1048576K
}
Event: 28.396 GC heap before
{Heap before GC invocations=52 (full 0):
 garbage-first heap   total 180224K, used 145498K [0x0000000080000000, 0x0000000100000000)
  region size 1024K, 50 young (51200K), 1 survivors (1024K)
 Metaspace       used 90381K, committed 90944K, reserved 1130496K
  class space    used 12146K, committed 12416K, reserved 1048576K
}
Event: 28.401 GC heap after
{Heap after GC invocations=53 (full 0):
 garbage-first heap   total 180224K, used 98392K [0x0000000080000000, 0x0000000100000000)
  region size 1024K, 3 young (3072K), 3 survivors (3072K)
 Metaspace       used 90381K, committed 90944K, reserved 1130496K
  class space    used 12146K, committed 12416K, reserved 1048576K
}
Event: 28.982 GC heap before
{Heap before GC invocations=54 (full 0):
 garbage-first heap   total 191488K, used 146520K [0x0000000080000000, 0x0000000100000000)
  region size 1024K, 51 young (52224K), 3 survivors (3072K)
 Metaspace       used 90438K, committed 91008K, reserved 1130496K
  class space    used 12148K, committed 12416K, reserved 1048576K
}
Event: 28.990 GC heap after
{Heap after GC invocations=55 (full 0):
 garbage-first heap   total 191488K, used 100901K [0x0000000080000000, 0x0000000100000000)
  region size 1024K, 6 young (6144K), 6 survivors (6144K)
 Metaspace       used 90438K, committed 91008K, reserved 1130496K
  class space    used 12148K, committed 12416K, reserved 1048576K
}
Event: 29.073 GC heap before
{Heap before GC invocations=55 (full 0):
 garbage-first heap   total 191488K, used 102949K [0x0000000080000000, 0x0000000100000000)
  region size 1024K, 9 young (9216K), 6 survivors (6144K)
 Metaspace       used 90459K, committed 91008K, reserved 1130496K
  class space    used 12151K, committed 12416K, reserved 1048576K
}

