# JRE version: OpenJDK Runtime Environment (17.0.6) (build 17.0.6+0-b2043.56-10027231)
# Java VM: OpenJDK 64-Bit Server VM (17.0.6+0-b2043.56-10027231, mixed mode, tiered, compressed oops, compressed class ptrs, g1 gc, windows-amd64)
GC Precious Log:
 CPUs: 8 total, 8 available
 Memory: 16194M
 Large Page Support: Disabled
 NUMA Support: Disabled
 Compressed Oops: Enabled (32-bit)
 Heap Region Size: 1M
 Heap Min Capacity: 8M
 Heap Initial Capacity: 254M
 Heap Max Capacity: 2G
 Pre-touch: Disabled
 Parallel Workers: 8
 Concurrent Workers: 2
 Concurrent Refinement Workers: 8
 Periodic GC: Disabled
Heap:
 garbage-first heap   total 260096K, used 139869K [0x0000000080000000, 0x0000000100000000)
  region size 1024K, 2 young (2048K), 2 survivors (2048K)
 Metaspace       used 97080K, committed 97664K, reserved 1138688K
  class space    used 13137K, committed 13376K, reserved 1048576K
GC Heap History (20 events):
Event: 13.844 GC heap after
{Heap after GC invocations=38 (full 0):
 garbage-first heap   total 135168K, used 84452K [0x0000000080000000, 0x0000000100000000)
  region size 1024K, 5 young (5120K), 5 survivors (5120K)
 Metaspace       used 86137K, committed 86592K, reserved 1130496K
  class space    used 11704K, committed 11904K, reserved 1048576K
}
Event: 14.593 GC heap before
{Heap before GC invocations=39 (full 0):
 garbage-first heap   total 148480K, used 108004K [0x0000000080000000, 0x0000000100000000)
  region size 1024K, 29 young (29696K), 5 survivors (5120K)
 Metaspace       used 86832K, committed 87424K, reserved 1130496K
  class space    used 11779K, committed 12032K, reserved 1048576K
}
Event: 14.603 GC heap after
{Heap after GC invocations=40 (full 0):
 garbage-first heap   total 148480K, used 88045K [0x0000000080000000, 0x0000000100000000)
  region size 1024K, 4 young (4096K), 4 survivors (4096K)
 Metaspace       used 86832K, committed 87424K, reserved 1130496K
  class space    used 11779K, committed 12032K, reserved 1048576K
}
Event: 15.581 GC heap before
{Heap before GC invocations=40 (full 0):
 garbage-first heap   total 148480K, used 117741K [0x0000000080000000, 0x0000000100000000)
  region size 1024K, 34 young (34816K), 4 survivors (4096K)
 Metaspace       used 87006K, committed 87616K, reserved 1130496K
  class space    used 11781K, committed 12032K, reserved 1048576K
}
Event: 15.590 GC heap after
{Heap after GC invocations=41 (full 0):
 garbage-first heap   total 148480K, used 89524K [0x0000000080000000, 0x0000000100000000)
  region size 1024K, 2 young (2048K), 2 survivors (2048K)
 Metaspace       used 87006K, committed 87616K, reserved 1130496K
  class space    used 11781K, committed 12032K, reserved 1048576K
}
Event: 16.338 GC heap before
{Heap before GC invocations=42 (full 0):
 garbage-first heap   total 171008K, used 120244K [0x0000000080000000, 0x0000000100000000)
  region size 1024K, 33 young (33792K), 2 survivors (2048K)
 Metaspace       used 88193K, committed 88768K, reserved 1130496K
  class space    used 11886K, committed 12160K, reserved 1048576K
}
Event: 16.347 GC heap after
{Heap after GC invocations=43 (full 0):
 garbage-first heap   total 171008K, used 91496K [0x0000000080000000, 0x0000000100000000)
  region size 1024K, 4 young (4096K), 4 survivors (4096K)
 Metaspace       used 88193K, committed 88768K, reserved 1130496K
  class space    used 11886K, committed 12160K, reserved 1048576K
}
Event: 18.295 GC heap before
{Heap before GC invocations=43 (full 0):
 garbage-first heap   total 171008K, used 136552K [0x0000000080000000, 0x0000000100000000)
  region size 1024K, 49 young (50176K), 4 survivors (4096K)
 Metaspace       used 91860K, committed 92416K, reserved 1130496K
  class space    used 12397K, committed 12608K, reserved 1048576K
}
Event: 18.305 GC heap after
{Heap after GC invocations=44 (full 0):
 garbage-first heap   total 205824K, used 93815K [0x0000000080000000, 0x0000000100000000)
  region size 1024K, 5 young (5120K), 5 survivors (5120K)
 Metaspace       used 91860K, committed 92416K, reserved 1130496K
  class space    used 12397K, committed 12608K, reserved 1048576K
}
Event: 19.665 GC heap before
{Heap before GC invocations=45 (full 0):
 garbage-first heap   total 205824K, used 164471K [0x0000000080000000, 0x0000000100000000)
  region size 1024K, 75 young (76800K), 5 survivors (5120K)
 Metaspace       used 93827K, committed 94336K, reserved 1130496K
  class space    used 12680K, committed 12928K, reserved 1048576K
}
Event: 19.681 GC heap after
{Heap after GC invocations=46 (full 0):
 garbage-first heap   total 205824K, used 102831K [0x0000000080000000, 0x0000000100000000)
  region size 1024K, 10 young (10240K), 10 survivors (10240K)
 Metaspace       used 93827K, committed 94336K, reserved 1130496K
  class space    used 12680K, committed 12928K, reserved 1048576K
}
Event: 19.687 GC heap before
{Heap before GC invocations=46 (full 0):
 garbage-first heap   total 205824K, used 103855K [0x0000000080000000, 0x0000000100000000)
  region size 1024K, 11 young (11264K), 10 survivors (10240K)
 Metaspace       used 93845K, committed 94400K, reserved 1130496K
  class space    used 12684K, committed 12928K, reserved 1048576K
}
Event: 19.698 GC heap after
{Heap after GC invocations=47 (full 0):
 garbage-first heap   total 205824K, used 102790K [0x0000000080000000, 0x0000000100000000)
  region size 1024K, 2 young (2048K), 2 survivors (2048K)
 Metaspace       used 93845K, committed 94400K, reserved 1130496K
  class space    used 12684K, committed 12928K, reserved 1048576K
}
Event: 19.899 GC heap before
{Heap before GC invocations=47 (full 0):
 garbage-first heap   total 205824K, used 163206K [0x0000000080000000, 0x0000000100000000)
  region size 1024K, 62 young (63488K), 2 survivors (2048K)
 Metaspace       used 95182K, committed 95744K, reserved 1138688K
  class space    used 12856K, committed 13120K, reserved 1048576K
}
Event: 19.905 GC heap after
{Heap after GC invocations=48 (full 0):
 garbage-first heap   total 205824K, used 121856K [0x0000000080000000, 0x0000000100000000)
  region size 1024K, 8 young (8192K), 8 survivors (8192K)
 Metaspace       used 95182K, committed 95744K, reserved 1138688K
  class space    used 12856K, committed 13120K, reserved 1048576K
}
Event: 20.054 GC heap before
{Heap before GC invocations=48 (full 0):
 garbage-first heap   total 205824K, used 161792K [0x0000000080000000, 0x0000000100000000)
  region size 1024K, 48 young (49152K), 8 survivors (8192K)
 Metaspace       used 95895K, committed 96512K, reserved 1138688K
  class space    used 12982K, committed 13248K, reserved 1048576K
}
Event: 20.061 GC heap after
{Heap after GC invocations=49 (full 0):
 garbage-first heap   total 205824K, used 135157K [0x0000000080000000, 0x0000000100000000)
  region size 1024K, 6 young (6144K), 6 survivors (6144K)
 Metaspace       used 95895K, committed 96512K, reserved 1138688K
  class space    used 12982K, committed 13248K, reserved 1048576K
}
Event: 20.257 GC heap before
{Heap before GC invocations=50 (full 0):
 garbage-first heap   total 237568K, used 163829K [0x0000000080000000, 0x0000000100000000)
  region size 1024K, 35 young (35840K), 6 survivors (6144K)
 Metaspace       used 97041K, committed 97600K, reserved 1138688K
  class space    used 13134K, committed 13376K, reserved 1048576K
}
Event: 20.262 GC heap after
{Heap after GC invocations=51 (full 0):
 garbage-first heap   total 237568K, used 138862K [0x0000000080000000, 0x0000000100000000)
  region size 1024K, 5 young (5120K), 5 survivors (5120K)
 Metaspace       used 97041K, committed 97600K, reserved 1138688K
  class space    used 13134K, committed 13376K, reserved 1048576K
}
Event: 20.274 GC heap before
{Heap before GC invocations=51 (full 0):
 garbage-first heap   total 237568K, used 145006K [0x0000000080000000, 0x0000000100000000)
  region size 1024K, 11 young (11264K), 5 survivors (5120K)
 Metaspace       used 97080K, committed 97664K, reserved 1138688K
  class space    used 13137K, committed 13376K, reserved 1048576K
}

