# JRE version: OpenJDK Runtime Environment (17.0.6) (build 17.0.6+0-b2043.56-10027231)
# Java VM: OpenJDK 64-Bit Server VM (17.0.6+0-b2043.56-10027231, mixed mode, tiered, compressed oops, compressed class ptrs, g1 gc, windows-amd64)
GC Precious Log:
 CPUs: 8 total, 8 available
 Memory: 16194M
 Large Page Support: Disabled
 NUMA Support: Disabled
 Compressed Oops: Enabled (32-bit)
 Heap Region Size: 1M
 Heap Min Capacity: 8M
 Heap Initial Capacity: 254M
 Heap Max Capacity: 2G
 Pre-touch: Disabled
 Parallel Workers: 8
 Concurrent Workers: 2
 Concurrent Refinement Workers: 8
 Periodic GC: Disabled
Heap:
 garbage-first heap   total 305152K, used 165187K [0x0000000080000000, 0x0000000100000000)
  region size 1024K, 12 young (12288K), 12 survivors (12288K)
 Metaspace       used 100679K, committed 101312K, reserved 1138688K
  class space    used 13784K, committed 14080K, reserved 1048576K
GC Heap History (20 events):
Event: 8.076 GC heap after
{Heap after GC invocations=31 (full 0):
 garbage-first heap   total 129024K, used 71918K [0x0000000080000000, 0x0000000100000000)
  region size 1024K, 5 young (5120K), 5 survivors (5120K)
 Metaspace       used 78260K, committed 78784K, reserved 1122304K
  class space    used 10511K, committed 10752K, reserved 1048576K
}
Event: 8.548 GC heap before
{Heap before GC invocations=32 (full 0):
 garbage-first heap   total 129024K, used 105710K [0x0000000080000000, 0x0000000100000000)
  region size 1024K, 38 young (38912K), 5 survivors (5120K)
 Metaspace       used 83288K, committed 83904K, reserved 1122304K
  class space    used 11236K, committed 11520K, reserved 1048576K
}
Event: 8.553 GC heap after
{Heap after GC invocations=33 (full 0):
 garbage-first heap   total 129024K, used 74651K [0x0000000080000000, 0x0000000100000000)
  region size 1024K, 3 young (3072K), 3 survivors (3072K)
 Metaspace       used 83288K, committed 83904K, reserved 1122304K
  class space    used 11236K, committed 11520K, reserved 1048576K
}
Event: 8.590 GC heap before
{Heap before GC invocations=33 (full 0):
 garbage-first heap   total 129024K, used 77723K [0x0000000080000000, 0x0000000100000000)
  region size 1024K, 6 young (6144K), 3 survivors (3072K)
 Metaspace       used 83448K, committed 84032K, reserved 1122304K
  class space    used 11252K, committed 11520K, reserved 1048576K
}
Event: 8.593 GC heap after
{Heap after GC invocations=34 (full 0):
 garbage-first heap   total 129024K, used 74425K [0x0000000080000000, 0x0000000100000000)
  region size 1024K, 1 young (1024K), 1 survivors (1024K)
 Metaspace       used 83448K, committed 84032K, reserved 1122304K
  class space    used 11252K, committed 11520K, reserved 1048576K
}
Event: 8.819 GC heap before
{Heap before GC invocations=34 (full 0):
 garbage-first heap   total 129024K, used 106169K [0x0000000080000000, 0x0000000100000000)
  region size 1024K, 32 young (32768K), 1 survivors (1024K)
 Metaspace       used 84340K, committed 84928K, reserved 1130496K
  class space    used 11372K, committed 11648K, reserved 1048576K
}
Event: 8.823 GC heap after
{Heap after GC invocations=35 (full 0):
 garbage-first heap   total 129024K, used 79055K [0x0000000080000000, 0x0000000100000000)
  region size 1024K, 4 young (4096K), 4 survivors (4096K)
 Metaspace       used 84340K, committed 84928K, reserved 1130496K
  class space    used 11372K, committed 11648K, reserved 1048576K
}
Event: 9.068 GC heap before
{Heap before GC invocations=36 (full 0):
 garbage-first heap   total 152576K, used 105679K [0x0000000080000000, 0x0000000100000000)
  region size 1024K, 30 young (30720K), 4 survivors (4096K)
 Metaspace       used 85252K, committed 85760K, reserved 1130496K
  class space    used 11551K, committed 11776K, reserved 1048576K
}
Event: 9.076 GC heap after
{Heap after GC invocations=37 (full 0):
 garbage-first heap   total 152576K, used 83715K [0x0000000080000000, 0x0000000100000000)
  region size 1024K, 4 young (4096K), 4 survivors (4096K)
 Metaspace       used 85252K, committed 85760K, reserved 1130496K
  class space    used 11551K, committed 11776K, reserved 1048576K
}
Event: 9.131 GC heap before
{Heap before GC invocations=37 (full 0):
 garbage-first heap   total 152576K, used 86787K [0x0000000080000000, 0x0000000100000000)
  region size 1024K, 7 young (7168K), 4 survivors (4096K)
 Metaspace       used 85713K, committed 86208K, reserved 1130496K
  class space    used 11642K, committed 11904K, reserved 1048576K
}
Event: 9.135 GC heap after
{Heap after GC invocations=38 (full 0):
 garbage-first heap   total 305152K, used 84450K [0x0000000080000000, 0x0000000100000000)
  region size 1024K, 1 young (1024K), 1 survivors (1024K)
 Metaspace       used 85713K, committed 86208K, reserved 1130496K
  class space    used 11642K, committed 11904K, reserved 1048576K
}
Event: 10.388 GC heap before
{Heap before GC invocations=38 (full 0):
 garbage-first heap   total 305152K, used 231906K [0x0000000080000000, 0x0000000100000000)
  region size 1024K, 146 young (149504K), 1 survivors (1024K)
 Metaspace       used 92538K, committed 93120K, reserved 1130496K
  class space    used 12556K, committed 12800K, reserved 1048576K
}
Event: 10.399 GC heap after
{Heap after GC invocations=39 (full 0):
 garbage-first heap   total 305152K, used 94484K [0x0000000080000000, 0x0000000100000000)
  region size 1024K, 11 young (11264K), 11 survivors (11264K)
 Metaspace       used 92538K, committed 93120K, reserved 1130496K
  class space    used 12556K, committed 12800K, reserved 1048576K
}
Event: 10.832 GC heap before
{Heap before GC invocations=39 (full 0):
 garbage-first heap   total 305152K, used 231700K [0x0000000080000000, 0x0000000100000000)
  region size 1024K, 146 young (149504K), 11 survivors (11264K)
 Metaspace       used 95242K, committed 95872K, reserved 1138688K
  class space    used 12940K, committed 13248K, reserved 1048576K
}
Event: 10.845 GC heap after
{Heap after GC invocations=40 (full 0):
 garbage-first heap   total 305152K, used 124633K [0x0000000080000000, 0x0000000100000000)
  region size 1024K, 19 young (19456K), 19 survivors (19456K)
 Metaspace       used 95242K, committed 95872K, reserved 1138688K
  class space    used 12940K, committed 13248K, reserved 1048576K
}
Event: 11.119 GC heap before
{Heap before GC invocations=40 (full 0):
 garbage-first heap   total 305152K, used 224985K [0x0000000080000000, 0x0000000100000000)
  region size 1024K, 118 young (120832K), 19 survivors (19456K)
 Metaspace       used 97939K, committed 98624K, reserved 1138688K
  class space    used 13371K, committed 13696K, reserved 1048576K
}
Event: 11.132 GC heap after
{Heap after GC invocations=41 (full 0):
 garbage-first heap   total 305152K, used 136192K [0x0000000080000000, 0x0000000100000000)
  region size 1024K, 15 young (15360K), 15 survivors (15360K)
 Metaspace       used 97939K, committed 98624K, reserved 1138688K
  class space    used 13371K, committed 13696K, reserved 1048576K
}
Event: 11.329 GC heap before
{Heap before GC invocations=41 (full 0):
 garbage-first heap   total 305152K, used 226304K [0x0000000080000000, 0x0000000100000000)
  region size 1024K, 104 young (106496K), 15 survivors (15360K)
 Metaspace       used 99933K, committed 100608K, reserved 1138688K
  class space    used 13655K, committed 13952K, reserved 1048576K
}
Event: 11.347 GC heap after
{Heap after GC invocations=42 (full 0):
 garbage-first heap   total 305152K, used 148126K [0x0000000080000000, 0x0000000100000000)
  region size 1024K, 13 young (13312K), 13 survivors (13312K)
 Metaspace       used 99933K, committed 100608K, reserved 1138688K
  class space    used 13655K, committed 13952K, reserved 1048576K
}
Event: 11.463 GC heap before
{Heap before GC invocations=42 (full 0):
 garbage-first heap   total 305152K, used 233118K [0x0000000080000000, 0x0000000100000000)
  region size 1024K, 96 young (98304K), 13 survivors (13312K)
 Metaspace       used 100679K, committed 101312K, reserved 1138688K
  class space    used 13784K, committed 14080K, reserved 1048576K
}

