# JRE version: OpenJDK Runtime Environment (17.0.6) (build 17.0.6+0-b2043.56-10027231)
# Java VM: OpenJDK 64-Bit Server VM (17.0.6+0-b2043.56-10027231, mixed mode, tiered, compressed oops, compressed class ptrs, g1 gc, windows-amd64)
GC Precious Log:
 CPUs: 8 total, 8 available
 Memory: 16194M
 Large Page Support: Disabled
 NUMA Support: Disabled
 Compressed Oops: Enabled (32-bit)
 Heap Region Size: 1M
 Heap Min Capacity: 8M
 Heap Initial Capacity: 254M
 Heap Max Capacity: 2G
 Pre-touch: Disabled
 Parallel Workers: 8
 Concurrent Workers: 2
 Concurrent Refinement Workers: 8
 Periodic GC: Disabled
Heap:
 garbage-first heap   total 362496K, used 203553K [0x0000000080000000, 0x0000000100000000)
  region size 1024K, 13 young (13312K), 13 survivors (13312K)
 Metaspace       used 96915K, committed 97536K, reserved 1138688K
  class space    used 13319K, committed 13632K, reserved 1048576K
GC Heap History (20 events):
Event: 14.712 GC heap after
{Heap after GC invocations=34 (full 0):
 garbage-first heap   total 138240K, used 85491K [0x0000000080000000, 0x0000000100000000)
  region size 1024K, 5 young (5120K), 5 survivors (5120K)
 Metaspace       used 86455K, committed 87040K, reserved 1130496K
  class space    used 11740K, committed 12032K, reserved 1048576K
}
Event: 14.985 GC heap before
{Heap before GC invocations=35 (full 0):
 garbage-first heap   total 158720K, used 112115K [0x0000000080000000, 0x0000000100000000)
  region size 1024K, 32 young (32768K), 5 survivors (5120K)
 Metaspace       used 86910K, committed 87552K, reserved 1130496K
  class space    used 11838K, committed 12160K, reserved 1048576K
}
Event: 14.991 GC heap after
{Heap after GC invocations=36 (full 0):
 garbage-first heap   total 158720K, used 87512K [0x0000000080000000, 0x0000000100000000)
  region size 1024K, 3 young (3072K), 3 survivors (3072K)
 Metaspace       used 86910K, committed 87552K, reserved 1130496K
  class space    used 11838K, committed 12160K, reserved 1048576K
}
Event: 15.329 GC heap before
{Heap before GC invocations=36 (full 0):
 garbage-first heap   total 158720K, used 127448K [0x0000000080000000, 0x0000000100000000)
  region size 1024K, 43 young (44032K), 3 survivors (3072K)
 Metaspace       used 88008K, committed 88640K, reserved 1130496K
  class space    used 11921K, committed 12224K, reserved 1048576K
}
Event: 15.333 GC heap after
{Heap after GC invocations=37 (full 0):
 garbage-first heap   total 158720K, used 89957K [0x0000000080000000, 0x0000000100000000)
  region size 1024K, 5 young (5120K), 5 survivors (5120K)
 Metaspace       used 88008K, committed 88640K, reserved 1130496K
  class space    used 11921K, committed 12224K, reserved 1048576K
}
Event: 15.798 GC heap before
{Heap before GC invocations=38 (full 0):
 garbage-first heap   total 181248K, used 128869K [0x0000000080000000, 0x0000000100000000)
  region size 1024K, 44 young (45056K), 5 survivors (5120K)
 Metaspace       used 88543K, committed 89152K, reserved 1130496K
  class space    used 11981K, committed 12288K, reserved 1048576K
}
Event: 15.807 GC heap after
{Heap after GC invocations=39 (full 0):
 garbage-first heap   total 181248K, used 92770K [0x0000000080000000, 0x0000000100000000)
  region size 1024K, 6 young (6144K), 6 survivors (6144K)
 Metaspace       used 88543K, committed 89152K, reserved 1130496K
  class space    used 11981K, committed 12288K, reserved 1048576K
}
Event: 15.823 GC heap before
{Heap before GC invocations=39 (full 0):
 garbage-first heap   total 181248K, used 94818K [0x0000000080000000, 0x0000000100000000)
  region size 1024K, 8 young (8192K), 6 survivors (6144K)
 Metaspace       used 88554K, committed 89216K, reserved 1130496K
  class space    used 11981K, committed 12288K, reserved 1048576K
}
Event: 15.830 GC heap after
{Heap after GC invocations=40 (full 0):
 garbage-first heap   total 181248K, used 92962K [0x0000000080000000, 0x0000000100000000)
  region size 1024K, 1 young (1024K), 1 survivors (1024K)
 Metaspace       used 88554K, committed 89216K, reserved 1130496K
  class space    used 11981K, committed 12288K, reserved 1048576K
}
Event: 16.273 GC heap before
{Heap before GC invocations=40 (full 0):
 garbage-first heap   total 181248K, used 148258K [0x0000000080000000, 0x0000000100000000)
  region size 1024K, 56 young (57344K), 1 survivors (1024K)
 Metaspace       used 89689K, committed 90304K, reserved 1130496K
  class space    used 12155K, committed 12416K, reserved 1048576K
}
Event: 16.280 GC heap after
{Heap after GC invocations=41 (full 0):
 garbage-first heap   total 362496K, used 100888K [0x0000000080000000, 0x0000000100000000)
  region size 1024K, 7 young (7168K), 7 survivors (7168K)
 Metaspace       used 89689K, committed 90304K, reserved 1130496K
  class space    used 12155K, committed 12416K, reserved 1048576K
}
Event: 17.135 GC heap before
{Heap before GC invocations=42 (full 0):
 garbage-first heap   total 362496K, used 275992K [0x0000000080000000, 0x0000000100000000)
  region size 1024K, 179 young (183296K), 7 survivors (7168K)
 Metaspace       used 93999K, committed 94592K, reserved 1130496K
  class space    used 12774K, committed 13056K, reserved 1048576K
}
Event: 17.160 GC heap after
{Heap after GC invocations=43 (full 0):
 garbage-first heap   total 362496K, used 142657K [0x0000000080000000, 0x0000000100000000)
  region size 1024K, 23 young (23552K), 23 survivors (23552K)
 Metaspace       used 93999K, committed 94592K, reserved 1130496K
  class space    used 12774K, committed 13056K, reserved 1048576K
}
Event: 17.165 GC heap before
{Heap before GC invocations=43 (full 0):
 garbage-first heap   total 362496K, used 143681K [0x0000000080000000, 0x0000000100000000)
  region size 1024K, 24 young (24576K), 23 survivors (23552K)
 Metaspace       used 94001K, committed 94592K, reserved 1130496K
  class space    used 12774K, committed 13056K, reserved 1048576K
}
Event: 17.180 GC heap after
{Heap after GC invocations=44 (full 0):
 garbage-first heap   total 362496K, used 146646K [0x0000000080000000, 0x0000000100000000)
  region size 1024K, 3 young (3072K), 3 survivors (3072K)
 Metaspace       used 94001K, committed 94592K, reserved 1130496K
  class space    used 12774K, committed 13056K, reserved 1048576K
}
Event: 17.572 GC heap before
{Heap before GC invocations=44 (full 0):
 garbage-first heap   total 362496K, used 248022K [0x0000000080000000, 0x0000000100000000)
  region size 1024K, 103 young (105472K), 3 survivors (3072K)
 Metaspace       used 95490K, committed 96064K, reserved 1138688K
  class space    used 12987K, committed 13248K, reserved 1048576K
}
Event: 17.593 GC heap after
{Heap after GC invocations=45 (full 0):
 garbage-first heap   total 362496K, used 163840K [0x0000000080000000, 0x0000000100000000)
  region size 1024K, 13 young (13312K), 13 survivors (13312K)
 Metaspace       used 95490K, committed 96064K, reserved 1138688K
  class space    used 12987K, committed 13248K, reserved 1048576K
}
Event: 17.860 GC heap before
{Heap before GC invocations=45 (full 0):
 garbage-first heap   total 362496K, used 263168K [0x0000000080000000, 0x0000000100000000)
  region size 1024K, 110 young (112640K), 13 survivors (13312K)
 Metaspace       used 96109K, committed 96704K, reserved 1138688K
  class space    used 13154K, committed 13440K, reserved 1048576K
}
Event: 17.890 GC heap after
{Heap after GC invocations=46 (full 0):
 garbage-first heap   total 362496K, used 184320K [0x0000000080000000, 0x0000000100000000)
  region size 1024K, 14 young (14336K), 14 survivors (14336K)
 Metaspace       used 96109K, committed 96704K, reserved 1138688K
  class space    used 13154K, committed 13440K, reserved 1048576K
}
Event: 18.141 GC heap before
{Heap before GC invocations=46 (full 0):
 garbage-first heap   total 362496K, used 275456K [0x0000000080000000, 0x0000000100000000)
  region size 1024K, 103 young (105472K), 14 survivors (14336K)
 Metaspace       used 96915K, committed 97536K, reserved 1138688K
  class space    used 13319K, committed 13632K, reserved 1048576K
}

