# JRE version: OpenJDK Runtime Environment (17.0.6) (build 17.0.6+0-b2043.56-10027231)
# Java VM: OpenJDK 64-Bit Server VM (17.0.6+0-b2043.56-10027231, mixed mode, tiered, compressed oops, compressed class ptrs, g1 gc, windows-amd64)
GC Precious Log:
 CPUs: 8 total, 8 available
 Memory: 16194M
 Large Page Support: Disabled
 NUMA Support: Disabled
 Compressed Oops: Enabled (32-bit)
 Heap Region Size: 1M
 Heap Min Capacity: 8M
 Heap Initial Capacity: 254M
 Heap Max Capacity: 2G
 Pre-touch: Disabled
 Parallel Workers: 8
 Concurrent Workers: 2
 Concurrent Refinement Workers: 8
 Periodic GC: Disabled
Heap:
 garbage-first heap   total 260096K, used 126474K [0x0000000080000000, 0x0000000100000000)
  region size 1024K, 6 young (6144K), 6 survivors (6144K)
 Metaspace       used 95578K, committed 96192K, reserved 1138688K
  class space    used 13002K, committed 13312K, reserved 1048576K
GC Heap History (20 events):
Event: 11.320 GC heap after
{Heap after GC invocations=35 (full 0):
 garbage-first heap   total 129024K, used 73477K [0x0000000080000000, 0x0000000100000000)
  region size 1024K, 3 young (3072K), 3 survivors (3072K)
 Metaspace       used 82571K, committed 83136K, reserved 1122304K
  class space    used 11130K, committed 11392K, reserved 1048576K
}
Event: 11.698 GC heap before
{Heap before GC invocations=35 (full 0):
 garbage-first heap   total 129024K, used 105221K [0x0000000080000000, 0x0000000100000000)
  region size 1024K, 34 young (34816K), 3 survivors (3072K)
 Metaspace       used 84399K, committed 84928K, reserved 1130496K
  class space    used 11377K, committed 11584K, reserved 1048576K
}
Event: 11.703 GC heap after
{Heap after GC invocations=36 (full 0):
 garbage-first heap   total 129024K, used 77269K [0x0000000080000000, 0x0000000100000000)
  region size 1024K, 5 young (5120K), 5 survivors (5120K)
 Metaspace       used 84399K, committed 84928K, reserved 1130496K
  class space    used 11377K, committed 11584K, reserved 1048576K
}
Event: 11.880 GC heap before
{Heap before GC invocations=37 (full 0):
 garbage-first heap   total 147456K, used 105941K [0x0000000080000000, 0x0000000100000000)
  region size 1024K, 33 young (33792K), 5 survivors (5120K)
 Metaspace       used 84470K, committed 84992K, reserved 1130496K
  class space    used 11383K, committed 11584K, reserved 1048576K
}
Event: 11.887 GC heap after
{Heap after GC invocations=38 (full 0):
 garbage-first heap   total 147456K, used 82327K [0x0000000080000000, 0x0000000100000000)
  region size 1024K, 5 young (5120K), 5 survivors (5120K)
 Metaspace       used 84470K, committed 84992K, reserved 1130496K
  class space    used 11383K, committed 11584K, reserved 1048576K
}
Event: 12.252 GC heap before
{Heap before GC invocations=38 (full 0):
 garbage-first heap   total 147456K, used 118166K [0x0000000080000000, 0x0000000100000000)
  region size 1024K, 41 young (41984K), 5 survivors (5120K)
 Metaspace       used 86814K, committed 87424K, reserved 1130496K
  class space    used 11871K, committed 12160K, reserved 1048576K
}
Event: 12.259 GC heap after
{Heap after GC invocations=39 (full 0):
 garbage-first heap   total 147456K, used 87118K [0x0000000080000000, 0x0000000100000000)
  region size 1024K, 5 young (5120K), 5 survivors (5120K)
 Metaspace       used 86814K, committed 87424K, reserved 1130496K
  class space    used 11871K, committed 12160K, reserved 1048576K
}
Event: 12.467 GC heap before
{Heap before GC invocations=40 (full 0):
 garbage-first heap   total 163840K, used 118862K [0x0000000080000000, 0x0000000100000000)
  region size 1024K, 37 young (37888K), 5 survivors (5120K)
 Metaspace       used 87006K, committed 87616K, reserved 1130496K
  class space    used 11873K, committed 12160K, reserved 1048576K
}
Event: 12.472 GC heap after
{Heap after GC invocations=41 (full 0):
 garbage-first heap   total 163840K, used 88797K [0x0000000080000000, 0x0000000100000000)
  region size 1024K, 2 young (2048K), 2 survivors (2048K)
 Metaspace       used 87006K, committed 87616K, reserved 1130496K
  class space    used 11873K, committed 12160K, reserved 1048576K
}
Event: 12.495 GC heap before
{Heap before GC invocations=41 (full 0):
 garbage-first heap   total 163840K, used 93917K [0x0000000080000000, 0x0000000100000000)
  region size 1024K, 8 young (8192K), 2 survivors (2048K)
 Metaspace       used 87034K, committed 87616K, reserved 1130496K
  class space    used 11873K, committed 12160K, reserved 1048576K
}
Event: 12.500 GC heap after
{Heap after GC invocations=42 (full 0):
 garbage-first heap   total 196608K, used 89319K [0x0000000080000000, 0x0000000100000000)
  region size 1024K, 1 young (1024K), 1 survivors (1024K)
 Metaspace       used 87034K, committed 87616K, reserved 1130496K
  class space    used 11873K, committed 12160K, reserved 1048576K
}
Event: 12.998 GC heap before
{Heap before GC invocations=42 (full 0):
 garbage-first heap   total 196608K, used 153831K [0x0000000080000000, 0x0000000100000000)
  region size 1024K, 65 young (66560K), 1 survivors (1024K)
 Metaspace       used 90183K, committed 90816K, reserved 1130496K
  class space    used 12259K, committed 12544K, reserved 1048576K
}
Event: 13.002 GC heap after
{Heap after GC invocations=43 (full 0):
 garbage-first heap   total 196608K, used 93063K [0x0000000080000000, 0x0000000100000000)
  region size 1024K, 5 young (5120K), 5 survivors (5120K)
 Metaspace       used 90183K, committed 90816K, reserved 1130496K
  class space    used 12259K, committed 12544K, reserved 1048576K
}
Event: 13.467 GC heap before
{Heap before GC invocations=44 (full 0):
 garbage-first heap   total 196608K, used 155527K [0x0000000080000000, 0x0000000100000000)
  region size 1024K, 67 young (68608K), 5 survivors (5120K)
 Metaspace       used 92978K, committed 93568K, reserved 1130496K
  class space    used 12599K, committed 12864K, reserved 1048576K
}
Event: 13.474 GC heap after
{Heap after GC invocations=45 (full 0):
 garbage-first heap   total 196608K, used 97883K [0x0000000080000000, 0x0000000100000000)
  region size 1024K, 9 young (9216K), 9 survivors (9216K)
 Metaspace       used 92978K, committed 93568K, reserved 1130496K
  class space    used 12599K, committed 12864K, reserved 1048576K
}
Event: 13.480 GC heap before
{Heap before GC invocations=45 (full 0):
 garbage-first heap   total 196608K, used 98907K [0x0000000080000000, 0x0000000100000000)
  region size 1024K, 10 young (10240K), 9 survivors (9216K)
 Metaspace       used 93010K, committed 93632K, reserved 1130496K
  class space    used 12605K, committed 12864K, reserved 1048576K
}
Event: 13.487 GC heap after
{Heap after GC invocations=46 (full 0):
 garbage-first heap   total 196608K, used 98395K [0x0000000080000000, 0x0000000100000000)
  region size 1024K, 2 young (2048K), 2 survivors (2048K)
 Metaspace       used 93010K, committed 93632K, reserved 1130496K
  class space    used 12605K, committed 12864K, reserved 1048576K
}
Event: 13.692 GC heap before
{Heap before GC invocations=46 (full 0):
 garbage-first heap   total 196608K, used 157787K [0x0000000080000000, 0x0000000100000000)
  region size 1024K, 61 young (62464K), 2 survivors (2048K)
 Metaspace       used 94875K, committed 95488K, reserved 1138688K
  class space    used 12893K, committed 13184K, reserved 1048576K
}
Event: 13.697 GC heap after
{Heap after GC invocations=47 (full 0):
 garbage-first heap   total 196608K, used 116234K [0x0000000080000000, 0x0000000100000000)
  region size 1024K, 8 young (8192K), 8 survivors (8192K)
 Metaspace       used 94875K, committed 95488K, reserved 1138688K
  class space    used 12893K, committed 13184K, reserved 1048576K
}
Event: 13.763 GC heap before
{Heap before GC invocations=47 (full 0):
 garbage-first heap   total 196608K, used 155146K [0x0000000080000000, 0x0000000100000000)
  region size 1024K, 47 young (48128K), 8 survivors (8192K)
 Metaspace       used 95578K, committed 96192K, reserved 1138688K
  class space    used 13002K, committed 13312K, reserved 1048576K
}

