# JRE version: OpenJDK Runtime Environment (17.0.6) (build 17.0.6+0-b2043.56-10027231)
# Java VM: OpenJDK 64-Bit Server VM (17.0.6+0-b2043.56-10027231, mixed mode, tiered, compressed oops, compressed class ptrs, g1 gc, windows-amd64)
GC Precious Log:
 CPUs: 8 total, 8 available
 Memory: 16194M
 Large Page Support: Disabled
 NUMA Support: Disabled
 Compressed Oops: Enabled (32-bit)
 Heap Region Size: 1M
 Heap Min Capacity: 8M
 Heap Initial Capacity: 254M
 Heap Max Capacity: 2G
 Pre-touch: Disabled
 Parallel Workers: 8
 Concurrent Workers: 2
 Concurrent Refinement Workers: 8
 Periodic GC: Disabled
Heap:
 garbage-first heap   total 474112K, used 239917K [0x0000000080000000, 0x0000000100000000)
  region size 1024K, 7 young (7168K), 7 survivors (7168K)
 Metaspace       used 101296K, committed 101952K, reserved 1138688K
  class space    used 13893K, committed 14208K, reserved 1048576K
GC Heap History (20 events):
Event: 20.609 GC heap after
{Heap after GC invocations=40 (full 0):
 garbage-first heap   total 195584K, used 102824K [0x0000000080000000, 0x0000000100000000)
  region size 1024K, 9 young (9216K), 9 survivors (9216K)
 Metaspace       used 89964K, committed 90560K, reserved 1130496K
  class space    used 12198K, committed 12480K, reserved 1048576K
}
Event: 20.760 GC heap before
{Heap before GC invocations=40 (full 0):
 garbage-first heap   total 195584K, used 153000K [0x0000000080000000, 0x0000000100000000)
  region size 1024K, 59 young (60416K), 9 survivors (9216K)
 Metaspace       used 91018K, committed 91584K, reserved 1130496K
  class space    used 12343K, committed 12608K, reserved 1048576K
}
Event: 20.767 GC heap after
{Heap after GC invocations=41 (full 0):
 garbage-first heap   total 195584K, used 115738K [0x0000000080000000, 0x0000000100000000)
  region size 1024K, 8 young (8192K), 8 survivors (8192K)
 Metaspace       used 91018K, committed 91584K, reserved 1130496K
  class space    used 12343K, committed 12608K, reserved 1048576K
}
Event: 20.866 GC heap before
{Heap before GC invocations=41 (full 0):
 garbage-first heap   total 195584K, used 151578K [0x0000000080000000, 0x0000000100000000)
  region size 1024K, 44 young (45056K), 8 survivors (8192K)
 Metaspace       used 91586K, committed 92224K, reserved 1130496K
  class space    used 12442K, committed 12736K, reserved 1048576K
}
Event: 20.871 GC heap after
{Heap after GC invocations=42 (full 0):
 garbage-first heap   total 279552K, used 123904K [0x0000000080000000, 0x0000000100000000)
  region size 1024K, 6 young (6144K), 6 survivors (6144K)
 Metaspace       used 91586K, committed 92224K, reserved 1130496K
  class space    used 12442K, committed 12736K, reserved 1048576K
}
Event: 21.377 GC heap before
{Heap before GC invocations=42 (full 0):
 garbage-first heap   total 279552K, used 209920K [0x0000000080000000, 0x0000000100000000)
  region size 1024K, 90 young (92160K), 6 survivors (6144K)
 Metaspace       used 94271K, committed 94912K, reserved 1138688K
  class space    used 12837K, committed 13120K, reserved 1048576K
}
Event: 21.393 GC heap after
{Heap after GC invocations=43 (full 0):
 garbage-first heap   total 279552K, used 138240K [0x0000000080000000, 0x0000000100000000)
  region size 1024K, 12 young (12288K), 12 survivors (12288K)
 Metaspace       used 94271K, committed 94912K, reserved 1138688K
  class space    used 12837K, committed 13120K, reserved 1048576K
}
Event: 21.606 GC heap before
{Heap before GC invocations=43 (full 0):
 garbage-first heap   total 279552K, used 209920K [0x0000000080000000, 0x0000000100000000)
  region size 1024K, 83 young (84992K), 12 survivors (12288K)
 Metaspace       used 95724K, committed 96384K, reserved 1138688K
  class space    used 13054K, committed 13376K, reserved 1048576K
}
Event: 21.626 GC heap after
{Heap after GC invocations=44 (full 0):
 garbage-first heap   total 279552K, used 150720K [0x0000000080000000, 0x0000000100000000)
  region size 1024K, 11 young (11264K), 11 survivors (11264K)
 Metaspace       used 95724K, committed 96384K, reserved 1138688K
  class space    used 13054K, committed 13376K, reserved 1048576K
}
Event: 21.803 GC heap before
{Heap before GC invocations=44 (full 0):
 garbage-first heap   total 279552K, used 216256K [0x0000000080000000, 0x0000000100000000)
  region size 1024K, 75 young (76800K), 11 survivors (11264K)
 Metaspace       used 95994K, committed 96576K, reserved 1138688K
  class space    used 13092K, committed 13376K, reserved 1048576K
}
Event: 21.828 GC heap after
{Heap after GC invocations=45 (full 0):
 garbage-first heap   total 279552K, used 163840K [0x0000000080000000, 0x0000000100000000)
  region size 1024K, 10 young (10240K), 10 survivors (10240K)
 Metaspace       used 95994K, committed 96576K, reserved 1138688K
  class space    used 13092K, committed 13376K, reserved 1048576K
}
Event: 21.960 GC heap before
{Heap before GC invocations=45 (full 0):
 garbage-first heap   total 279552K, used 221184K [0x0000000080000000, 0x0000000100000000)
  region size 1024K, 66 young (67584K), 10 survivors (10240K)
 Metaspace       used 96611K, committed 97216K, reserved 1138688K
  class space    used 13203K, committed 13504K, reserved 1048576K
}
Event: 21.984 GC heap after
{Heap after GC invocations=46 (full 0):
 garbage-first heap   total 474112K, used 175008K [0x0000000080000000, 0x0000000100000000)
  region size 1024K, 9 young (9216K), 9 survivors (9216K)
 Metaspace       used 96611K, committed 97216K, reserved 1138688K
  class space    used 13203K, committed 13504K, reserved 1048576K
}
Event: 22.616 GC heap before
{Heap before GC invocations=46 (full 0):
 garbage-first heap   total 474112K, used 336800K [0x0000000080000000, 0x0000000100000000)
  region size 1024K, 168 young (172032K), 9 survivors (9216K)
 Metaspace       used 99570K, committed 100288K, reserved 1138688K
  class space    used 13710K, committed 14016K, reserved 1048576K
}
Event: 22.660 GC heap after
{Heap after GC invocations=47 (full 0):
 garbage-first heap   total 474112K, used 202590K [0x0000000080000000, 0x0000000100000000)
  region size 1024K, 21 young (21504K), 21 survivors (21504K)
 Metaspace       used 99570K, committed 100288K, reserved 1138688K
  class space    used 13710K, committed 14016K, reserved 1048576K
}
Event: 23.312 GC heap before
{Heap before GC invocations=47 (full 0):
 garbage-first heap   total 474112K, used 343902K [0x0000000080000000, 0x0000000100000000)
  region size 1024K, 159 young (162816K), 21 survivors (21504K)
 Metaspace       used 100429K, committed 101056K, reserved 1138688K
  class space    used 13797K, committed 14080K, reserved 1048576K
}
Event: 23.354 GC heap after
{Heap after GC invocations=48 (full 0):
 garbage-first heap   total 474112K, used 221980K [0x0000000080000000, 0x0000000100000000)
  region size 1024K, 18 young (18432K), 18 survivors (18432K)
 Metaspace       used 100429K, committed 101056K, reserved 1138688K
  class space    used 13797K, committed 14080K, reserved 1048576K
}
Event: 23.842 GC heap before
{Heap before GC invocations=48 (full 0):
 garbage-first heap   total 474112K, used 358172K [0x0000000080000000, 0x0000000100000000)
  region size 1024K, 151 young (154624K), 18 survivors (18432K)
 Metaspace       used 100657K, committed 101376K, reserved 1138688K
  class space    used 13818K, committed 14144K, reserved 1048576K
}
Event: 23.872 GC heap after
{Heap after GC invocations=49 (full 0):
 garbage-first heap   total 474112K, used 234253K [0x0000000080000000, 0x0000000100000000)
  region size 1024K, 12 young (12288K), 12 survivors (12288K)
 Metaspace       used 100657K, committed 101376K, reserved 1138688K
  class space    used 13818K, committed 14144K, reserved 1048576K
}
Event: 24.367 GC heap before
{Heap before GC invocations=49 (full 0):
 garbage-first heap   total 474112K, used 370445K [0x0000000080000000, 0x0000000100000000)
  region size 1024K, 146 young (149504K), 12 survivors (12288K)
 Metaspace       used 101296K, committed 101952K, reserved 1138688K
  class space    used 13893K, committed 14208K, reserved 1048576K
}

