# JRE version: OpenJDK Runtime Environment (17.0.6) (build 17.0.6+0-b2043.56-10027231)
# Java VM: OpenJDK 64-Bit Server VM (17.0.6+0-b2043.56-10027231, mixed mode, tiered, compressed oops, compressed class ptrs, g1 gc, windows-amd64)
GC Precious Log:
 CPUs: 8 total, 8 available
 Memory: 16194M
 Large Page Support: Disabled
 NUMA Support: Disabled
 Compressed Oops: Enabled (32-bit)
 Heap Region Size: 1M
 Heap Min Capacity: 8M
 Heap Initial Capacity: 254M
 Heap Max Capacity: 2G
 Pre-touch: Disabled
 Parallel Workers: 8
 Concurrent Workers: 2
 Concurrent Refinement Workers: 8
 Periodic GC: Disabled
Heap:
 garbage-first heap   total 232448K, used 147838K [0x0000000080000000, 0x0000000100000000)
  region size 1024K, 63 young (64512K), 11 survivors (11264K)
 Metaspace       used 94543K, committed 95104K, reserved 1138688K
  class space    used 12831K, committed 13056K, reserved 1048576K
GC Heap History (20 events):
Event: 9.279 GC heap before
{Heap before GC invocations=33 (full 0):
 garbage-first heap   total 119808K, used 92915K [0x0000000080000000, 0x0000000100000000)
  region size 1024K, 34 young (34816K), 4 survivors (4096K)
 Metaspace       used 69221K, committed 69696K, reserved 1114112K
  class space    used 9021K, committed 9216K, reserved 1048576K
}
Event: 9.286 GC heap after
{Heap after GC invocations=34 (full 0):
 garbage-first heap   total 119808K, used 65652K [0x0000000080000000, 0x0000000100000000)
  region size 1024K, 5 young (5120K), 5 survivors (5120K)
 Metaspace       used 69221K, committed 69696K, reserved 1114112K
  class space    used 9021K, committed 9216K, reserved 1048576K
}
Event: 9.843 GC heap before
{Heap before GC invocations=35 (full 0):
 garbage-first heap   total 119808K, used 95348K [0x0000000080000000, 0x0000000100000000)
  region size 1024K, 34 young (34816K), 5 survivors (5120K)
 Metaspace       used 72643K, committed 73088K, reserved 1114112K
  class space    used 9636K, committed 9856K, reserved 1048576K
}
Event: 9.851 GC heap after
{Heap after GC invocations=36 (full 0):
 garbage-first heap   total 119808K, used 67813K [0x0000000080000000, 0x0000000100000000)
  region size 1024K, 3 young (3072K), 3 survivors (3072K)
 Metaspace       used 72643K, committed 73088K, reserved 1114112K
  class space    used 9636K, committed 9856K, reserved 1048576K
}
Event: 10.480 GC heap before
{Heap before GC invocations=36 (full 0):
 garbage-first heap   total 119808K, used 95461K [0x0000000080000000, 0x0000000100000000)
  region size 1024K, 30 young (30720K), 3 survivors (3072K)
 Metaspace       used 75604K, committed 76096K, reserved 1122304K
  class space    used 10091K, committed 10304K, reserved 1048576K
}
Event: 10.486 GC heap after
{Heap after GC invocations=37 (full 0):
 garbage-first heap   total 119808K, used 69640K [0x0000000080000000, 0x0000000100000000)
  region size 1024K, 4 young (4096K), 4 survivors (4096K)
 Metaspace       used 75604K, committed 76096K, reserved 1122304K
  class space    used 10091K, committed 10304K, reserved 1048576K
}
Event: 11.142 GC heap before
{Heap before GC invocations=38 (full 0):
 garbage-first heap   total 121856K, used 97288K [0x0000000080000000, 0x0000000100000000)
  region size 1024K, 31 young (31744K), 4 survivors (4096K)
 Metaspace       used 77894K, committed 78336K, reserved 1122304K
  class space    used 10448K, committed 10624K, reserved 1048576K
}
Event: 11.150 GC heap after
{Heap after GC invocations=39 (full 0):
 garbage-first heap   total 121856K, used 71745K [0x0000000080000000, 0x0000000100000000)
  region size 1024K, 4 young (4096K), 4 survivors (4096K)
 Metaspace       used 77894K, committed 78336K, reserved 1122304K
  class space    used 10448K, committed 10624K, reserved 1048576K
}
Event: 11.164 GC heap before
{Heap before GC invocations=39 (full 0):
 garbage-first heap   total 121856K, used 72769K [0x0000000080000000, 0x0000000100000000)
  region size 1024K, 5 young (5120K), 4 survivors (4096K)
 Metaspace       used 77974K, committed 78528K, reserved 1122304K
  class space    used 10454K, committed 10688K, reserved 1048576K
}
Event: 11.169 GC heap after
{Heap after GC invocations=40 (full 0):
 garbage-first heap   total 121856K, used 72398K [0x0000000080000000, 0x0000000100000000)
  region size 1024K, 1 young (1024K), 1 survivors (1024K)
 Metaspace       used 77974K, committed 78528K, reserved 1122304K
  class space    used 10454K, committed 10688K, reserved 1048576K
}
Event: 11.717 GC heap before
{Heap before GC invocations=40 (full 0):
 garbage-first heap   total 121856K, used 100046K [0x0000000080000000, 0x0000000100000000)
  region size 1024K, 28 young (28672K), 1 survivors (1024K)
 Metaspace       used 81155K, committed 81664K, reserved 1122304K
  class space    used 10956K, committed 11200K, reserved 1048576K
}
Event: 11.722 GC heap after
{Heap after GC invocations=41 (full 0):
 garbage-first heap   total 232448K, used 73935K [0x0000000080000000, 0x0000000100000000)
  region size 1024K, 3 young (3072K), 3 survivors (3072K)
 Metaspace       used 81155K, committed 81664K, reserved 1122304K
  class space    used 10956K, committed 11200K, reserved 1048576K
}
Event: 12.880 GC heap before
{Heap before GC invocations=42 (full 0):
 garbage-first heap   total 232448K, used 177359K [0x0000000080000000, 0x0000000100000000)
  region size 1024K, 104 young (106496K), 3 survivors (3072K)
 Metaspace       used 86441K, committed 86976K, reserved 1130496K
  class space    used 11728K, committed 11968K, reserved 1048576K
}
Event: 12.899 GC heap after
{Heap after GC invocations=43 (full 0):
 garbage-first heap   total 232448K, used 85974K [0x0000000080000000, 0x0000000100000000)
  region size 1024K, 13 young (13312K), 13 survivors (13312K)
 Metaspace       used 86441K, committed 86976K, reserved 1130496K
  class space    used 11728K, committed 11968K, reserved 1048576K
}
Event: 12.910 GC heap before
{Heap before GC invocations=43 (full 0):
 garbage-first heap   total 232448K, used 86998K [0x0000000080000000, 0x0000000100000000)
  region size 1024K, 14 young (14336K), 13 survivors (13312K)
 Metaspace       used 86523K, committed 87040K, reserved 1130496K
  class space    used 11753K, committed 11968K, reserved 1048576K
}
Event: 12.921 GC heap after
{Heap after GC invocations=44 (full 0):
 garbage-first heap   total 232448K, used 87277K [0x0000000080000000, 0x0000000100000000)
  region size 1024K, 2 young (2048K), 2 survivors (2048K)
 Metaspace       used 86523K, committed 87040K, reserved 1130496K
  class space    used 11753K, committed 11968K, reserved 1048576K
}
Event: 13.481 GC heap before
{Heap before GC invocations=44 (full 0):
 garbage-first heap   total 232448K, used 167149K [0x0000000080000000, 0x0000000100000000)
  region size 1024K, 81 young (82944K), 2 survivors (2048K)
 Metaspace       used 88207K, committed 88832K, reserved 1130496K
  class space    used 11955K, committed 12224K, reserved 1048576K
}
Event: 13.487 GC heap after
{Heap after GC invocations=45 (full 0):
 garbage-first heap   total 232448K, used 90933K [0x0000000080000000, 0x0000000100000000)
  region size 1024K, 6 young (6144K), 6 survivors (6144K)
 Metaspace       used 88207K, committed 88832K, reserved 1130496K
  class space    used 11955K, committed 12224K, reserved 1048576K
}
Event: 14.315 GC heap before
{Heap before GC invocations=45 (full 0):
 garbage-first heap   total 232448K, used 174901K [0x0000000080000000, 0x0000000100000000)
  region size 1024K, 89 young (91136K), 6 survivors (6144K)
 Metaspace       used 92890K, committed 93504K, reserved 1130496K
  class space    used 12575K, committed 12864K, reserved 1048576K
}
Event: 14.325 GC heap after
{Heap after GC invocations=46 (full 0):
 garbage-first heap   total 232448K, used 96638K [0x0000000080000000, 0x0000000100000000)
  region size 1024K, 11 young (11264K), 11 survivors (11264K)
 Metaspace       used 92890K, committed 93504K, reserved 1130496K
  class space    used 12575K, committed 12864K, reserved 1048576K
}

