# JRE version: OpenJDK Runtime Environment (17.0.6) (build 17.0.6+0-b2043.56-10027231)
# Java VM: OpenJDK 64-Bit Server VM (17.0.6+0-b2043.56-10027231, mixed mode, tiered, compressed oops, compressed class ptrs, g1 gc, windows-amd64)
GC Precious Log:
 CPUs: 8 total, 8 available
 Memory: 16194M
 Large Page Support: Disabled
 NUMA Support: Disabled
 Compressed Oops: Enabled (32-bit)
 Heap Region Size: 1M
 Heap Min Capacity: 8M
 Heap Initial Capacity: 254M
 Heap Max Capacity: 2G
 Pre-touch: Disabled
 Parallel Workers: 8
 Concurrent Workers: 2
 Concurrent Refinement Workers: 8
 Periodic GC: Disabled
Heap:
 garbage-first heap   total 260096K, used 144384K [0x0000000080000000, 0x0000000100000000)
  region size 1024K, 8 young (8192K), 8 survivors (8192K)
 Metaspace       used 99502K, committed 100096K, reserved 1138688K
  class space    used 13552K, committed 13824K, reserved 1048576K
GC Heap History (20 events):
Event: 9.523 GC heap after
{Heap after GC invocations=34 (full 0):
 garbage-first heap   total 141312K, used 85524K [0x0000000080000000, 0x0000000100000000)
  region size 1024K, 5 young (5120K), 5 survivors (5120K)
 Metaspace       used 86417K, committed 87040K, reserved 1130496K
  class space    used 11733K, committed 12032K, reserved 1048576K
}
Event: 9.779 GC heap before
{Heap before GC invocations=35 (full 0):
 garbage-first heap   total 160768K, used 114196K [0x0000000080000000, 0x0000000100000000)
  region size 1024K, 34 young (34816K), 5 survivors (5120K)
 Metaspace       used 86935K, committed 87616K, reserved 1130496K
  class space    used 11844K, committed 12160K, reserved 1048576K
}
Event: 9.785 GC heap after
{Heap after GC invocations=36 (full 0):
 garbage-first heap   total 160768K, used 87825K [0x0000000080000000, 0x0000000100000000)
  region size 1024K, 3 young (3072K), 3 survivors (3072K)
 Metaspace       used 86935K, committed 87616K, reserved 1130496K
  class space    used 11844K, committed 12160K, reserved 1048576K
}
Event: 10.110 GC heap before
{Heap before GC invocations=36 (full 0):
 garbage-first heap   total 160768K, used 127761K [0x0000000080000000, 0x0000000100000000)
  region size 1024K, 43 young (44032K), 3 survivors (3072K)
 Metaspace       used 88075K, committed 88704K, reserved 1130496K
  class space    used 11927K, committed 12224K, reserved 1048576K
}
Event: 10.115 GC heap after
{Heap after GC invocations=37 (full 0):
 garbage-first heap   total 160768K, used 90294K [0x0000000080000000, 0x0000000100000000)
  region size 1024K, 5 young (5120K), 5 survivors (5120K)
 Metaspace       used 88075K, committed 88704K, reserved 1130496K
  class space    used 11927K, committed 12224K, reserved 1048576K
}
Event: 10.582 GC heap before
{Heap before GC invocations=38 (full 0):
 garbage-first heap   total 173056K, used 130230K [0x0000000080000000, 0x0000000100000000)
  region size 1024K, 45 young (46080K), 5 survivors (5120K)
 Metaspace       used 89402K, committed 89984K, reserved 1130496K
  class space    used 12080K, committed 12352K, reserved 1048576K
}
Event: 10.587 GC heap after
{Heap after GC invocations=39 (full 0):
 garbage-first heap   total 173056K, used 93093K [0x0000000080000000, 0x0000000100000000)
  region size 1024K, 6 young (6144K), 6 survivors (6144K)
 Metaspace       used 89402K, committed 89984K, reserved 1130496K
  class space    used 12080K, committed 12352K, reserved 1048576K
}
Event: 10.613 GC heap before
{Heap before GC invocations=39 (full 0):
 garbage-first heap   total 173056K, used 94117K [0x0000000080000000, 0x0000000100000000)
  region size 1024K, 8 young (8192K), 6 survivors (6144K)
 Metaspace       used 89491K, committed 90048K, reserved 1130496K
  class space    used 12086K, committed 12352K, reserved 1048576K
}
Event: 10.617 GC heap after
{Heap after GC invocations=40 (full 0):
 garbage-first heap   total 207872K, used 93696K [0x0000000080000000, 0x0000000100000000)
  region size 1024K, 1 young (1024K), 1 survivors (1024K)
 Metaspace       used 89491K, committed 90048K, reserved 1130496K
  class space    used 12086K, committed 12352K, reserved 1048576K
}
Event: 11.307 GC heap before
{Heap before GC invocations=40 (full 0):
 garbage-first heap   total 207872K, used 166400K [0x0000000080000000, 0x0000000100000000)
  region size 1024K, 73 young (74752K), 1 survivors (1024K)
 Metaspace       used 94075K, committed 94656K, reserved 1138688K
  class space    used 12721K, committed 12992K, reserved 1048576K
}
Event: 11.312 GC heap after
{Heap after GC invocations=41 (full 0):
 garbage-first heap   total 207872K, used 97723K [0x0000000080000000, 0x0000000100000000)
  region size 1024K, 5 young (5120K), 5 survivors (5120K)
 Metaspace       used 94075K, committed 94656K, reserved 1138688K
  class space    used 12721K, committed 12992K, reserved 1048576K
}
Event: 11.507 GC heap before
{Heap before GC invocations=41 (full 0):
 garbage-first heap   total 207872K, used 168379K [0x0000000080000000, 0x0000000100000000)
  region size 1024K, 75 young (76800K), 5 survivors (5120K)
 Metaspace       used 95882K, committed 96512K, reserved 1138688K
  class space    used 12995K, committed 13248K, reserved 1048576K
}
Event: 11.516 GC heap after
{Heap after GC invocations=42 (full 0):
 garbage-first heap   total 207872K, used 118016K [0x0000000080000000, 0x0000000100000000)
  region size 1024K, 10 young (10240K), 10 survivors (10240K)
 Metaspace       used 95882K, committed 96512K, reserved 1138688K
  class space    used 12995K, committed 13248K, reserved 1048576K
}
Event: 11.602 GC heap before
{Heap before GC invocations=42 (full 0):
 garbage-first heap   total 207872K, used 162048K [0x0000000080000000, 0x0000000100000000)
  region size 1024K, 54 young (55296K), 10 survivors (10240K)
 Metaspace       used 96638K, committed 97216K, reserved 1138688K
  class space    used 13117K, committed 13376K, reserved 1048576K
}
Event: 11.607 GC heap after
{Heap after GC invocations=43 (full 0):
 garbage-first heap   total 207872K, used 128534K [0x0000000080000000, 0x0000000100000000)
  region size 1024K, 7 young (7168K), 7 survivors (7168K)
 Metaspace       used 96638K, committed 97216K, reserved 1138688K
  class space    used 13117K, committed 13376K, reserved 1048576K
}
Event: 11.863 GC heap before
{Heap before GC invocations=44 (full 0):
 garbage-first heap   total 258048K, used 163350K [0x0000000080000000, 0x0000000100000000)
  region size 1024K, 42 young (43008K), 7 survivors (7168K)
 Metaspace       used 98068K, committed 98688K, reserved 1138688K
  class space    used 13340K, committed 13632K, reserved 1048576K
}
Event: 11.869 GC heap after
{Heap after GC invocations=45 (full 0):
 garbage-first heap   total 258048K, used 132364K [0x0000000080000000, 0x0000000100000000)
  region size 1024K, 6 young (6144K), 6 survivors (6144K)
 Metaspace       used 98068K, committed 98688K, reserved 1138688K
  class space    used 13340K, committed 13632K, reserved 1048576K
}
Event: 11.895 GC heap before
{Heap before GC invocations=45 (full 0):
 garbage-first heap   total 258048K, used 138508K [0x0000000080000000, 0x0000000100000000)
  region size 1024K, 12 young (12288K), 6 survivors (6144K)
 Metaspace       used 98096K, committed 98752K, reserved 1138688K
  class space    used 13342K, committed 13632K, reserved 1048576K
}
Event: 11.902 GC heap after
{Heap after GC invocations=46 (full 0):
 garbage-first heap   total 258048K, used 132508K [0x0000000080000000, 0x0000000100000000)
  region size 1024K, 2 young (2048K), 2 survivors (2048K)
 Metaspace       used 98096K, committed 98752K, reserved 1138688K
  class space    used 13342K, committed 13632K, reserved 1048576K
}
Event: 12.170 GC heap before
{Heap before GC invocations=46 (full 0):
 garbage-first heap   total 258048K, used 195996K [0x0000000080000000, 0x0000000100000000)
  region size 1024K, 64 young (65536K), 2 survivors (2048K)
 Metaspace       used 99502K, committed 100096K, reserved 1138688K
  class space    used 13552K, committed 13824K, reserved 1048576K
}

