# JRE version: OpenJDK Runtime Environment (17.0.6) (build 17.0.6+0-b2043.56-10027231)
# Java VM: OpenJDK 64-Bit Server VM (17.0.6+0-b2043.56-10027231, mixed mode, tiered, compressed oops, compressed class ptrs, g1 gc, windows-amd64)
GC Precious Log:
 CPUs: 8 total, 8 available
 Memory: 16194M
 Large Page Support: Disabled
 NUMA Support: Disabled
 Compressed Oops: Enabled (32-bit)
 Heap Region Size: 1M
 Heap Min Capacity: 8M
 Heap Initial Capacity: 254M
 Heap Max Capacity: 2G
 Pre-touch: Disabled
 Parallel Workers: 8
 Concurrent Workers: 2
 Concurrent Refinement Workers: 8
 Periodic GC: Disabled
Heap:
 garbage-first heap   total 171008K, used 93420K [0x0000000080000000, 0x0000000100000000)
  region size 1024K, 1 young (1024K), 1 survivors (1024K)
 Metaspace       used 88900K, committed 89408K, reserved 1130496K
  class space    used 12023K, committed 12224K, reserved 1048576K
GC Heap History (20 events):
Event: 9.070 GC heap after
{Heap after GC invocations=30 (full 0):
 garbage-first heap   total 116736K, used 65667K [0x0000000080000000, 0x0000000100000000)
  region size 1024K, 3 young (3072K), 3 survivors (3072K)
 Metaspace       used 69201K, committed 69760K, reserved 1114112K
  class space    used 9017K, committed 9280K, reserved 1048576K
}
Event: 9.822 GC heap before
{Heap before GC invocations=30 (full 0):
 garbage-first heap   total 116736K, used 94339K [0x0000000080000000, 0x0000000100000000)
  region size 1024K, 31 young (31744K), 3 survivors (3072K)
 Metaspace       used 72995K, committed 73536K, reserved 1114112K
  class space    used 9714K, committed 9984K, reserved 1048576K
}
Event: 9.829 GC heap after
{Heap after GC invocations=31 (full 0):
 garbage-first heap   total 140288K, used 67527K [0x0000000080000000, 0x0000000100000000)
  region size 1024K, 2 young (2048K), 2 survivors (2048K)
 Metaspace       used 72995K, committed 73536K, reserved 1114112K
  class space    used 9714K, committed 9984K, reserved 1048576K
}
Event: 11.195 GC heap before
{Heap before GC invocations=32 (full 0):
 garbage-first heap   total 140288K, used 113607K [0x0000000080000000, 0x0000000100000000)
  region size 1024K, 47 young (48128K), 2 survivors (2048K)
 Metaspace       used 77351K, committed 77888K, reserved 1122304K
  class space    used 10362K, committed 10624K, reserved 1048576K
}
Event: 11.204 GC heap after
{Heap after GC invocations=33 (full 0):
 garbage-first heap   total 140288K, used 70779K [0x0000000080000000, 0x0000000100000000)
  region size 1024K, 6 young (6144K), 6 survivors (6144K)
 Metaspace       used 77351K, committed 77888K, reserved 1122304K
  class space    used 10362K, committed 10624K, reserved 1048576K
}
Event: 12.212 GC heap before
{Heap before GC invocations=33 (full 0):
 garbage-first heap   total 140288K, used 113787K [0x0000000080000000, 0x0000000100000000)
  region size 1024K, 48 young (49152K), 6 survivors (6144K)
 Metaspace       used 82921K, committed 83456K, reserved 1122304K
  class space    used 11155K, committed 11392K, reserved 1048576K
}
Event: 12.220 GC heap after
{Heap after GC invocations=34 (full 0):
 garbage-first heap   total 140288K, used 73776K [0x0000000080000000, 0x0000000100000000)
  region size 1024K, 4 young (4096K), 4 survivors (4096K)
 Metaspace       used 82921K, committed 83456K, reserved 1122304K
  class space    used 11155K, committed 11392K, reserved 1048576K
}
Event: 12.819 GC heap before
{Heap before GC invocations=35 (full 0):
 garbage-first heap   total 140288K, used 114736K [0x0000000080000000, 0x0000000100000000)
  region size 1024K, 44 young (45056K), 4 survivors (4096K)
 Metaspace       used 84374K, committed 84992K, reserved 1130496K
  class space    used 11350K, committed 11648K, reserved 1048576K
}
Event: 12.827 GC heap after
{Heap after GC invocations=36 (full 0):
 garbage-first heap   total 140288K, used 79666K [0x0000000080000000, 0x0000000100000000)
  region size 1024K, 6 young (6144K), 6 survivors (6144K)
 Metaspace       used 84374K, committed 84992K, reserved 1130496K
  class space    used 11350K, committed 11648K, reserved 1048576K
}
Event: 13.289 GC heap before
{Heap before GC invocations=36 (full 0):
 garbage-first heap   total 140288K, used 113458K [0x0000000080000000, 0x0000000100000000)
  region size 1024K, 40 young (40960K), 6 survivors (6144K)
 Metaspace       used 86169K, committed 86656K, reserved 1130496K
  class space    used 11684K, committed 11904K, reserved 1048576K
}
Event: 13.299 GC heap after
{Heap after GC invocations=37 (full 0):
 garbage-first heap   total 140288K, used 86116K [0x0000000080000000, 0x0000000100000000)
  region size 1024K, 5 young (5120K), 5 survivors (5120K)
 Metaspace       used 86169K, committed 86656K, reserved 1130496K
  class space    used 11684K, committed 11904K, reserved 1048576K
}
Event: 13.568 GC heap before
{Heap before GC invocations=38 (full 0):
 garbage-first heap   total 157696K, used 112740K [0x0000000080000000, 0x0000000100000000)
  region size 1024K, 32 young (32768K), 5 survivors (5120K)
 Metaspace       used 86882K, committed 87424K, reserved 1130496K
  class space    used 11826K, committed 12032K, reserved 1048576K
}
Event: 13.577 GC heap after
{Heap after GC invocations=39 (full 0):
 garbage-first heap   total 157696K, used 89424K [0x0000000080000000, 0x0000000100000000)
  region size 1024K, 3 young (3072K), 3 survivors (3072K)
 Metaspace       used 86882K, committed 87424K, reserved 1130496K
  class space    used 11826K, committed 12032K, reserved 1048576K
}
Event: 13.604 GC heap before
{Heap before GC invocations=39 (full 0):
 garbage-first heap   total 157696K, used 92496K [0x0000000080000000, 0x0000000100000000)
  region size 1024K, 7 young (7168K), 3 survivors (3072K)
 Metaspace       used 86889K, committed 87424K, reserved 1130496K
  class space    used 11826K, committed 12032K, reserved 1048576K
}
Event: 13.608 GC heap after
{Heap after GC invocations=40 (full 0):
 garbage-first heap   total 157696K, used 89550K [0x0000000080000000, 0x0000000100000000)
  region size 1024K, 1 young (1024K), 1 survivors (1024K)
 Metaspace       used 86889K, committed 87424K, reserved 1130496K
  class space    used 11826K, committed 12032K, reserved 1048576K
}
Event: 13.893 GC heap before
{Heap before GC invocations=40 (full 0):
 garbage-first heap   total 157696K, used 125390K [0x0000000080000000, 0x0000000100000000)
  region size 1024K, 37 young (37888K), 1 survivors (1024K)
 Metaspace       used 87793K, committed 88320K, reserved 1130496K
  class space    used 11878K, committed 12096K, reserved 1048576K
}
Event: 13.896 GC heap after
{Heap after GC invocations=41 (full 0):
 garbage-first heap   total 157696K, used 91258K [0x0000000080000000, 0x0000000100000000)
  region size 1024K, 3 young (3072K), 3 survivors (3072K)
 Metaspace       used 87793K, committed 88320K, reserved 1130496K
  class space    used 11878K, committed 12096K, reserved 1048576K
}
Event: 14.300 GC heap before
{Heap before GC invocations=42 (full 0):
 garbage-first heap   total 171008K, used 127098K [0x0000000080000000, 0x0000000100000000)
  region size 1024K, 39 young (39936K), 3 survivors (3072K)
 Metaspace       used 88488K, committed 89024K, reserved 1130496K
  class space    used 11960K, committed 12224K, reserved 1048576K
}
Event: 14.306 GC heap after
{Heap after GC invocations=43 (full 0):
 garbage-first heap   total 171008K, used 93985K [0x0000000080000000, 0x0000000100000000)
  region size 1024K, 5 young (5120K), 5 survivors (5120K)
 Metaspace       used 88488K, committed 89024K, reserved 1130496K
  class space    used 11960K, committed 12224K, reserved 1048576K
}
Event: 14.375 GC heap before
{Heap before GC invocations=43 (full 0):
 garbage-first heap   total 171008K, used 97057K [0x0000000080000000, 0x0000000100000000)
  region size 1024K, 8 young (8192K), 5 survivors (5120K)
 Metaspace       used 88900K, committed 89408K, reserved 1130496K
  class space    used 12023K, committed 12224K, reserved 1048576K
}

