# JRE version: OpenJDK Runtime Environment (17.0.6) (build 17.0.6+0-b2043.56-10027231)
# Java VM: OpenJDK 64-Bit Server VM (17.0.6+0-b2043.56-10027231, mixed mode, tiered, compressed oops, compressed class ptrs, g1 gc, windows-amd64)
GC Precious Log:
 CPUs: 8 total, 8 available
 Memory: 16194M
 Large Page Support: Disabled
 NUMA Support: Disabled
 Compressed Oops: Enabled (32-bit)
 Heap Region Size: 1M
 Heap Min Capacity: 8M
 Heap Initial Capacity: 254M
 Heap Max Capacity: 2G
 Pre-touch: Disabled
 Parallel Workers: 8
 Concurrent Workers: 2
 Concurrent Refinement Workers: 8
 Periodic GC: Disabled
Heap:
 garbage-first heap   total 342016K, used 173168K [0x0000000080000000, 0x0000000100000000)
  region size 1024K, 66 young (67584K), 2 survivors (2048K)
 Metaspace       used 97297K, committed 97984K, reserved 1138688K
  class space    used 13210K, committed 13568K, reserved 1048576K
GC Heap History (20 events):
Event: 13.541 GC heap before
{Heap before GC invocations=48 (full 0):
 garbage-first heap   total 153600K, used 124231K [0x0000000080000000, 0x0000000100000000)
  region size 1024K, 37 young (37888K), 1 survivors (1024K)
 Metaspace       used 87201K, committed 87808K, reserved 1130496K
  class space    used 11869K, committed 12160K, reserved 1048576K
}
Event: 13.545 GC heap after
{Heap after GC invocations=49 (full 0):
 garbage-first heap   total 153600K, used 90535K [0x0000000080000000, 0x0000000100000000)
  region size 1024K, 3 young (3072K), 3 survivors (3072K)
 Metaspace       used 87201K, committed 87808K, reserved 1130496K
  class space    used 11869K, committed 12160K, reserved 1048576K
}
Event: 14.021 GC heap before
{Heap before GC invocations=50 (full 0):
 garbage-first heap   total 171008K, used 125351K [0x0000000080000000, 0x0000000100000000)
  region size 1024K, 38 young (38912K), 3 survivors (3072K)
 Metaspace       used 87655K, committed 88256K, reserved 1130496K
  class space    used 11909K, committed 12224K, reserved 1048576K
}
Event: 14.026 GC heap after
{Heap after GC invocations=51 (full 0):
 garbage-first heap   total 171008K, used 93376K [0x0000000080000000, 0x0000000100000000)
  region size 1024K, 4 young (4096K), 4 survivors (4096K)
 Metaspace       used 87655K, committed 88256K, reserved 1130496K
  class space    used 11909K, committed 12224K, reserved 1048576K
}
Event: 14.047 GC heap before
{Heap before GC invocations=51 (full 0):
 garbage-first heap   total 171008K, used 97472K [0x0000000080000000, 0x0000000100000000)
  region size 1024K, 8 young (8192K), 4 survivors (4096K)
 Metaspace       used 87683K, committed 88320K, reserved 1130496K
  class space    used 11910K, committed 12224K, reserved 1048576K
}
Event: 14.056 GC heap after
{Heap after GC invocations=52 (full 0):
 garbage-first heap   total 342016K, used 93860K [0x0000000080000000, 0x0000000100000000)
  region size 1024K, 1 young (1024K), 1 survivors (1024K)
 Metaspace       used 87683K, committed 88320K, reserved 1130496K
  class space    used 11910K, committed 12224K, reserved 1048576K
}
Event: 15.533 GC heap before
{Heap before GC invocations=52 (full 0):
 garbage-first heap   total 342016K, used 245412K [0x0000000080000000, 0x0000000100000000)
  region size 1024K, 146 young (149504K), 1 survivors (1024K)
 Metaspace       used 88149K, committed 88768K, reserved 1130496K
  class space    used 11940K, committed 12224K, reserved 1048576K
}
Event: 15.542 GC heap after
{Heap after GC invocations=53 (full 0):
 garbage-first heap   total 342016K, used 102415K [0x0000000080000000, 0x0000000100000000)
  region size 1024K, 6 young (6144K), 6 survivors (6144K)
 Metaspace       used 88149K, committed 88768K, reserved 1130496K
  class space    used 11940K, committed 12224K, reserved 1048576K
}
Event: 16.440 GC heap before
{Heap before GC invocations=53 (full 0):
 garbage-first heap   total 342016K, used 268303K [0x0000000080000000, 0x0000000100000000)
  region size 1024K, 168 young (172032K), 6 survivors (6144K)
 Metaspace       used 88149K, committed 88768K, reserved 1130496K
  class space    used 11940K, committed 12224K, reserved 1048576K
}
Event: 16.444 GC heap after
{Heap after GC invocations=54 (full 0):
 garbage-first heap   total 342016K, used 104528K [0x0000000080000000, 0x0000000100000000)
  region size 1024K, 8 young (8192K), 8 survivors (8192K)
 Metaspace       used 88149K, committed 88768K, reserved 1130496K
  class space    used 11940K, committed 12224K, reserved 1048576K
}
Event: 17.004 GC heap before
{Heap before GC invocations=54 (full 0):
 garbage-first heap   total 342016K, used 281680K [0x0000000080000000, 0x0000000100000000)
  region size 1024K, 181 young (185344K), 8 survivors (8192K)
 Metaspace       used 88151K, committed 88768K, reserved 1130496K
  class space    used 11940K, committed 12224K, reserved 1048576K
}
Event: 17.007 GC heap after
{Heap after GC invocations=55 (full 0):
 garbage-first heap   total 342016K, used 96959K [0x0000000080000000, 0x0000000100000000)
  region size 1024K, 4 young (4096K), 4 survivors (4096K)
 Metaspace       used 88151K, committed 88768K, reserved 1130496K
  class space    used 11940K, committed 12224K, reserved 1048576K
}
Event: 28.312 GC heap before
{Heap before GC invocations=55 (full 0):
 garbage-first heap   total 342016K, used 289471K [0x0000000080000000, 0x0000000100000000)
  region size 1024K, 193 young (197632K), 4 survivors (4096K)
 Metaspace       used 97124K, committed 97792K, reserved 1138688K
  class space    used 13199K, committed 13504K, reserved 1048576K
}
Event: 28.325 GC heap after
{Heap after GC invocations=56 (full 0):
 garbage-first heap   total 342016K, used 105490K [0x0000000080000000, 0x0000000100000000)
  region size 1024K, 13 young (13312K), 13 survivors (13312K)
 Metaspace       used 97124K, committed 97792K, reserved 1138688K
  class space    used 13199K, committed 13504K, reserved 1048576K
}
Event: 30.010 GC heap before
{Heap before GC invocations=56 (full 0):
 garbage-first heap   total 342016K, used 284690K [0x0000000080000000, 0x0000000100000000)
  region size 1024K, 188 young (192512K), 13 survivors (13312K)
 Metaspace       used 97141K, committed 97792K, reserved 1138688K
  class space    used 13201K, committed 13504K, reserved 1048576K
}
Event: 30.023 GC heap after
{Heap after GC invocations=57 (full 0):
 garbage-first heap   total 342016K, used 105790K [0x0000000080000000, 0x0000000100000000)
  region size 1024K, 13 young (13312K), 13 survivors (13312K)
 Metaspace       used 97141K, committed 97792K, reserved 1138688K
  class space    used 13201K, committed 13504K, reserved 1048576K
}
Event: 31.164 GC heap before
{Heap before GC invocations=58 (full 0):
 garbage-first heap   total 342016K, used 291134K [0x0000000080000000, 0x0000000100000000)
  region size 1024K, 192 young (196608K), 13 survivors (13312K)
 Metaspace       used 97149K, committed 97792K, reserved 1138688K
  class space    used 13201K, committed 13504K, reserved 1048576K
}
Event: 31.176 GC heap after
{Heap after GC invocations=59 (full 0):
 garbage-first heap   total 342016K, used 108651K [0x0000000080000000, 0x0000000100000000)
  region size 1024K, 14 young (14336K), 14 survivors (14336K)
 Metaspace       used 97149K, committed 97792K, reserved 1138688K
  class space    used 13201K, committed 13504K, reserved 1048576K
}
Event: 31.187 GC heap before
{Heap before GC invocations=59 (full 0):
 garbage-first heap   total 342016K, used 110699K [0x0000000080000000, 0x0000000100000000)
  region size 1024K, 16 young (16384K), 14 survivors (14336K)
 Metaspace       used 97149K, committed 97792K, reserved 1138688K
  class space    used 13201K, committed 13504K, reserved 1048576K
}
Event: 31.201 GC heap after
{Heap after GC invocations=60 (full 0):
 garbage-first heap   total 342016K, used 108656K [0x0000000080000000, 0x0000000100000000)
  region size 1024K, 2 young (2048K), 2 survivors (2048K)
 Metaspace       used 97149K, committed 97792K, reserved 1138688K
  class space    used 13201K, committed 13504K, reserved 1048576K
}

