# JRE version: OpenJDK Runtime Environment (17.0.6) (build 17.0.6+0-b2043.56-10027231)
# Java VM: OpenJDK 64-Bit Server VM (17.0.6+0-b2043.56-10027231, mixed mode, tiered, compressed oops, compressed class ptrs, g1 gc, windows-amd64)
GC Precious Log:
 CPUs: 8 total, 8 available
 Memory: 16194M
 Large Page Support: Disabled
 NUMA Support: Disabled
 Compressed Oops: Enabled (32-bit)
 Heap Region Size: 1M
 Heap Min Capacity: 8M
 Heap Initial Capacity: 254M
 Heap Max Capacity: 2G
 Pre-touch: Disabled
 Parallel Workers: 8
 Concurrent Workers: 2
 Concurrent Refinement Workers: 8
 Periodic GC: Disabled
Heap:
 garbage-first heap   total 260096K, used 116271K [0x0000000080000000, 0x0000000100000000)
  region size 1024K, 7 young (7168K), 7 survivors (7168K)
 Metaspace       used 94634K, committed 95168K, reserved 1138688K
  class space    used 12837K, committed 13120K, reserved 1048576K
GC Heap History (20 events):
Event: 12.266 GC heap after
{Heap after GC invocations=29 (full 0):
 garbage-first heap   total 121856K, used 72824K [0x0000000080000000, 0x0000000100000000)
  region size 1024K, 5 young (5120K), 5 survivors (5120K)
 Metaspace       used 80609K, committed 81152K, reserved 1122304K
  class space    used 10893K, committed 11136K, reserved 1048576K
}
Event: 12.961 GC heap before
{Heap before GC invocations=30 (full 0):
 garbage-first heap   total 128000K, used 101496K [0x0000000080000000, 0x0000000100000000)
  region size 1024K, 33 young (33792K), 5 survivors (5120K)
 Metaspace       used 84110K, committed 84608K, reserved 1130496K
  class space    used 11327K, committed 11584K, reserved 1048576K
}
Event: 12.971 GC heap after
{Heap after GC invocations=31 (full 0):
 garbage-first heap   total 128000K, used 75520K [0x0000000080000000, 0x0000000100000000)
  region size 1024K, 5 young (5120K), 5 survivors (5120K)
 Metaspace       used 84110K, committed 84608K, reserved 1130496K
  class space    used 11327K, committed 11584K, reserved 1048576K
}
Event: 13.343 GC heap before
{Heap before GC invocations=31 (full 0):
 garbage-first heap   total 128000K, used 106240K [0x0000000080000000, 0x0000000100000000)
  region size 1024K, 35 young (35840K), 5 survivors (5120K)
 Metaspace       used 84442K, committed 84928K, reserved 1130496K
  class space    used 11378K, committed 11648K, reserved 1048576K
}
Event: 13.354 GC heap after
{Heap after GC invocations=32 (full 0):
 garbage-first heap   total 128000K, used 80491K [0x0000000080000000, 0x0000000100000000)
  region size 1024K, 5 young (5120K), 5 survivors (5120K)
 Metaspace       used 84442K, committed 84928K, reserved 1130496K
  class space    used 11378K, committed 11648K, reserved 1048576K
}
Event: 13.792 GC heap before
{Heap before GC invocations=33 (full 0):
 garbage-first heap   total 150528K, used 103019K [0x0000000080000000, 0x0000000100000000)
  region size 1024K, 28 young (28672K), 5 survivors (5120K)
 Metaspace       used 85709K, committed 86272K, reserved 1130496K
  class space    used 11638K, committed 11904K, reserved 1048576K
}
Event: 13.803 GC heap after
{Heap after GC invocations=34 (full 0):
 garbage-first heap   total 150528K, used 84832K [0x0000000080000000, 0x0000000100000000)
  region size 1024K, 4 young (4096K), 4 survivors (4096K)
 Metaspace       used 85709K, committed 86272K, reserved 1130496K
  class space    used 11638K, committed 11904K, reserved 1048576K
}
Event: 14.306 GC heap before
{Heap before GC invocations=34 (full 0):
 garbage-first heap   total 150528K, used 121696K [0x0000000080000000, 0x0000000100000000)
  region size 1024K, 40 young (40960K), 4 survivors (4096K)
 Metaspace       used 86892K, committed 87360K, reserved 1130496K
  class space    used 11862K, committed 12096K, reserved 1048576K
}
Event: 14.316 GC heap after
{Heap after GC invocations=35 (full 0):
 garbage-first heap   total 181248K, used 88041K [0x0000000080000000, 0x0000000100000000)
  region size 1024K, 4 young (4096K), 4 survivors (4096K)
 Metaspace       used 86892K, committed 87360K, reserved 1130496K
  class space    used 11862K, committed 12096K, reserved 1048576K
}
Event: 14.921 GC heap before
{Heap before GC invocations=36 (full 0):
 garbage-first heap   total 181248K, used 143337K [0x0000000080000000, 0x0000000100000000)
  region size 1024K, 59 young (60416K), 4 survivors (4096K)
 Metaspace       used 88193K, committed 88768K, reserved 1130496K
  class space    used 11968K, committed 12224K, reserved 1048576K
}
Event: 14.931 GC heap after
{Heap after GC invocations=37 (full 0):
 garbage-first heap   total 181248K, used 90999K [0x0000000080000000, 0x0000000100000000)
  region size 1024K, 7 young (7168K), 7 survivors (7168K)
 Metaspace       used 88193K, committed 88768K, reserved 1130496K
  class space    used 11968K, committed 12224K, reserved 1048576K
}
Event: 14.938 GC heap before
{Heap before GC invocations=37 (full 0):
 garbage-first heap   total 181248K, used 92023K [0x0000000080000000, 0x0000000100000000)
  region size 1024K, 8 young (8192K), 7 survivors (7168K)
 Metaspace       used 88200K, committed 88768K, reserved 1130496K
  class space    used 11968K, committed 12224K, reserved 1048576K
}
Event: 14.946 GC heap after
{Heap after GC invocations=38 (full 0):
 garbage-first heap   total 181248K, used 91427K [0x0000000080000000, 0x0000000100000000)
  region size 1024K, 1 young (1024K), 1 survivors (1024K)
 Metaspace       used 88200K, committed 88768K, reserved 1130496K
  class space    used 11968K, committed 12224K, reserved 1048576K
}
Event: 15.872 GC heap before
{Heap before GC invocations=38 (full 0):
 garbage-first heap   total 181248K, used 145699K [0x0000000080000000, 0x0000000100000000)
  region size 1024K, 55 young (56320K), 1 survivors (1024K)
 Metaspace       used 92410K, committed 92992K, reserved 1130496K
  class space    used 12544K, committed 12800K, reserved 1048576K
}
Event: 15.879 GC heap after
{Heap after GC invocations=39 (full 0):
 garbage-first heap   total 181248K, used 94920K [0x0000000080000000, 0x0000000100000000)
  region size 1024K, 5 young (5120K), 5 survivors (5120K)
 Metaspace       used 92410K, committed 92992K, reserved 1130496K
  class space    used 12544K, committed 12800K, reserved 1048576K
}
Event: 16.439 GC heap before
{Heap before GC invocations=40 (full 0):
 garbage-first heap   total 183296K, used 146120K [0x0000000080000000, 0x0000000100000000)
  region size 1024K, 56 young (57344K), 5 survivors (5120K)
 Metaspace       used 93788K, committed 94400K, reserved 1130496K
  class space    used 12743K, committed 13056K, reserved 1048576K
}
Event: 16.451 GC heap after
{Heap after GC invocations=41 (full 0):
 garbage-first heap   total 183296K, used 99937K [0x0000000080000000, 0x0000000100000000)
  region size 1024K, 5 young (5120K), 5 survivors (5120K)
 Metaspace       used 93788K, committed 94400K, reserved 1130496K
  class space    used 12743K, committed 13056K, reserved 1048576K
}
Event: 16.459 GC heap before
{Heap before GC invocations=41 (full 0):
 garbage-first heap   total 183296K, used 101985K [0x0000000080000000, 0x0000000100000000)
  region size 1024K, 8 young (8192K), 5 survivors (5120K)
 Metaspace       used 93788K, committed 94400K, reserved 1130496K
  class space    used 12743K, committed 13056K, reserved 1048576K
}
Event: 16.465 GC heap after
{Heap after GC invocations=42 (full 0):
 garbage-first heap   total 183296K, used 100523K [0x0000000080000000, 0x0000000100000000)
  region size 1024K, 1 young (1024K), 1 survivors (1024K)
 Metaspace       used 93788K, committed 94400K, reserved 1130496K
  class space    used 12743K, committed 13056K, reserved 1048576K
}
Event: 16.576 GC heap before
{Heap before GC invocations=42 (full 0):
 garbage-first heap   total 183296K, used 148651K [0x0000000080000000, 0x0000000100000000)
  region size 1024K, 49 young (50176K), 1 survivors (1024K)
 Metaspace       used 94634K, committed 95168K, reserved 1138688K
  class space    used 12837K, committed 13120K, reserved 1048576K
}

